2008.08.12 14:11 B F:\이센스디자인\이센스디자인\솔루션\쇼핑몰솔루션\샵최종수정20080523\Esens_shop\admin\img\help\1.gif --> 16001142.co.kr /www/admin/img/help 1.gif
2008.08.12 14:11 B F:\이센스디자인\이센스디자인\솔루션\쇼핑몰솔루션\샵최종수정20080523\Esens_shop\admin\img\help\2.gif --> 16001142.co.kr /www/admin/img/help 2.gif
2008.08.12 14:11 B F:\이센스디자인\이센스디자인\솔루션\쇼핑몰솔루션\샵최종수정20080523\Esens_shop\admin\img\help\3.gif --> 16001142.co.kr /www/admin/img/help 3.gif
2008.08.12 14:11 B F:\이센스디자인\이센스디자인\솔루션\쇼핑몰솔루션\샵최종수정20080523\Esens_shop\admin\img\help\4.gif --> 16001142.co.kr /www/admin/img/help 4.gif
2008.08.12 14:11 B F:\이센스디자인\이센스디자인\솔루션\쇼핑몰솔루션\샵최종수정20080523\Esens_shop\admin\img\help\5.gif --> 16001142.co.kr /www/admin/img/help 5.gif
2008.08.12 14:11 B F:\이센스디자인\이센스디자인\솔루션\쇼핑몰솔루션\샵최종수정20080523\Esens_shop\admin\img\help\6.gif --> 16001142.co.kr /www/admin/img/help 6.gif
2008.08.12 14:11 B F:\이센스디자인\이센스디자인\솔루션\쇼핑몰솔루션\샵최종수정20080523\Esens_shop\admin\img\help\7.gif --> 16001142.co.kr /www/admin/img/help 7.gif
2008.08.12 14:11 B F:\이센스디자인\이센스디자인\솔루션\쇼핑몰솔루션\샵최종수정20080523\Esens_shop\admin\img\help\8.gif --> 16001142.co.kr /www/admin/img/help 8.gif
2008.08.12 14:11 B F:\이센스디자인\이센스디자인\솔루션\쇼핑몰솔루션\샵최종수정20080523\Esens_shop\admin\img\help\helpdesk.gif --> 16001142.co.kr /www/admin/img/help helpdesk.gif
2008.08.12 14:11 B F:\이센스디자인\이센스디자인\솔루션\쇼핑몰솔루션\샵최종수정20080523\Esens_shop\admin\img\help\main_help1.gif --> 16001142.co.kr /www/admin/img/help main_help1.gif
2008.08.12 14:11 B F:\이센스디자인\이센스디자인\솔루션\쇼핑몰솔루션\샵최종수정20080523\Esens_shop\admin\img\help\main_help2.gif --> 16001142.co.kr /www/admin/img/help main_help2.gif
2008.08.12 14:11 B F:\이센스디자인\이센스디자인\솔루션\쇼핑몰솔루션\샵최종수정20080523\Esens_shop\admin\img\help\Thumbs.db --> 16001142.co.kr /www/admin/img/help Thumbs.db
2008.08.12 14:18 B F:\이센스디자인\이센스디자인\솔루션\쇼핑몰솔루션\샵최종수정20080523\Esens_shop\admin\img\help\WS_FTP.LOG --> 16001142.co.kr /www/admin/img/help WS_FTP.LOG
2008.08.13 11:30 B F:\이센스디자인\이센스디자인\솔루션\쇼핑몰솔루션\샵최종수정20080523\Esens_shop\admin\img\help\1.gif --> thenandamo.net /www/admin/img/help 1.gif
2008.08.13 11:30 B F:\이센스디자인\이센스디자인\솔루션\쇼핑몰솔루션\샵최종수정20080523\Esens_shop\admin\img\help\2.gif --> thenandamo.net /www/admin/img/help 2.gif
2008.08.13 11:30 B F:\이센스디자인\이센스디자인\솔루션\쇼핑몰솔루션\샵최종수정20080523\Esens_shop\admin\img\help\3.gif --> thenandamo.net /www/admin/img/help 3.gif
2008.08.13 11:31 B F:\이센스디자인\이센스디자인\솔루션\쇼핑몰솔루션\샵최종수정20080523\Esens_shop\admin\img\help\4.gif --> thenandamo.net /www/admin/img/help 4.gif
2008.08.13 11:31 B F:\이센스디자인\이센스디자인\솔루션\쇼핑몰솔루션\샵최종수정20080523\Esens_shop\admin\img\help\5.gif --> thenandamo.net /www/admin/img/help 5.gif
2008.08.13 11:31 B F:\이센스디자인\이센스디자인\솔루션\쇼핑몰솔루션\샵최종수정20080523\Esens_shop\admin\img\help\6.gif --> thenandamo.net /www/admin/img/help 6.gif
2008.08.13 11:31 B F:\이센스디자인\이센스디자인\솔루션\쇼핑몰솔루션\샵최종수정20080523\Esens_shop\admin\img\help\7.gif --> thenandamo.net /www/admin/img/help 7.gif
2008.08.13 11:31 B F:\이센스디자인\이센스디자인\솔루션\쇼핑몰솔루션\샵최종수정20080523\Esens_shop\admin\img\help\8.gif --> thenandamo.net /www/admin/img/help 8.gif
2008.08.13 11:31 B F:\이센스디자인\이센스디자인\솔루션\쇼핑몰솔루션\샵최종수정20080523\Esens_shop\admin\img\help\helpdesk.gif --> thenandamo.net /www/admin/img/help helpdesk.gif
2008.08.13 11:31 B F:\이센스디자인\이센스디자인\솔루션\쇼핑몰솔루션\샵최종수정20080523\Esens_shop\admin\img\help\main_help1.gif --> thenandamo.net /www/admin/img/help main_help1.gif
2008.08.13 11:31 B F:\이센스디자인\이센스디자인\솔루션\쇼핑몰솔루션\샵최종수정20080523\Esens_shop\admin\img\help\main_help2.gif --> thenandamo.net /www/admin/img/help main_help2.gif
2008.08.13 11:31 B F:\이센스디자인\이센스디자인\솔루션\쇼핑몰솔루션\샵최종수정20080523\Esens_shop\admin\img\help\Thumbs.db --> thenandamo.net /www/admin/img/help Thumbs.db
2008.08.13 11:31 B F:\이센스디자인\이센스디자인\솔루션\쇼핑몰솔루션\샵최종수정20080523\Esens_shop\admin\img\help\WS_FTP.LOG --> thenandamo.net /www/admin/img/help WS_FTP.LOG
2008.08.13 11:43 B F:\이센스디자인\이센스디자인\솔루션\쇼핑몰솔루션\샵최종수정20080523\Esens_shop\admin\img\help\WS_FTP.LOG --> thenandamo.net /www/admin/img/help WS_FTP.LOG
2008.08.18 11:42 B F:\이센스디자인\이센스디자인\솔루션\쇼핑몰솔루션\샵최종수정20080523\Esens_shop\admin\img\help\1.gif --> q04.asadal.net /admin/img/help 1.gif
2008.08.18 11:42 B F:\이센스디자인\이센스디자인\솔루션\쇼핑몰솔루션\샵최종수정20080523\Esens_shop\admin\img\help\2.gif --> q04.asadal.net /admin/img/help 2.gif
2008.08.18 11:42 B F:\이센스디자인\이센스디자인\솔루션\쇼핑몰솔루션\샵최종수정20080523\Esens_shop\admin\img\help\3.gif --> q04.asadal.net /admin/img/help 3.gif
2008.08.18 11:42 B F:\이센스디자인\이센스디자인\솔루션\쇼핑몰솔루션\샵최종수정20080523\Esens_shop\admin\img\help\4.gif --> q04.asadal.net /admin/img/help 4.gif
2008.08.18 11:42 B F:\이센스디자인\이센스디자인\솔루션\쇼핑몰솔루션\샵최종수정20080523\Esens_shop\admin\img\help\5.gif --> q04.asadal.net /admin/img/help 5.gif
2008.08.18 11:42 B F:\이센스디자인\이센스디자인\솔루션\쇼핑몰솔루션\샵최종수정20080523\Esens_shop\admin\img\help\6.gif --> q04.asadal.net /admin/img/help 6.gif
2008.08.18 11:42 B F:\이센스디자인\이센스디자인\솔루션\쇼핑몰솔루션\샵최종수정20080523\Esens_shop\admin\img\help\7.gif --> q04.asadal.net /admin/img/help 7.gif
2008.08.18 11:42 B F:\이센스디자인\이센스디자인\솔루션\쇼핑몰솔루션\샵최종수정20080523\Esens_shop\admin\img\help\8.gif --> q04.asadal.net /admin/img/help 8.gif
2008.08.18 11:42 B F:\이센스디자인\이센스디자인\솔루션\쇼핑몰솔루션\샵최종수정20080523\Esens_shop\admin\img\help\helpdesk.gif --> q04.asadal.net /admin/img/help helpdesk.gif
2008.08.18 11:42 B F:\이센스디자인\이센스디자인\솔루션\쇼핑몰솔루션\샵최종수정20080523\Esens_shop\admin\img\help\main_help1.gif --> q04.asadal.net /admin/img/help main_help1.gif
2008.08.18 11:42 B F:\이센스디자인\이센스디자인\솔루션\쇼핑몰솔루션\샵최종수정20080523\Esens_shop\admin\img\help\main_help2.gif --> q04.asadal.net /admin/img/help main_help2.gif
2008.08.18 11:42 B F:\이센스디자인\이센스디자인\솔루션\쇼핑몰솔루션\샵최종수정20080523\Esens_shop\admin\img\help\Thumbs.db --> q04.asadal.net /admin/img/help Thumbs.db
2008.08.18 11:42 B F:\이센스디자인\이센스디자인\솔루션\쇼핑몰솔루션\샵최종수정20080523\Esens_shop\admin\img\help\WS_FTP.LOG --> q04.asadal.net /admin/img/help WS_FTP.LOG
2008.09.17 13:36 B F:\이센스디자인\이센스디자인\솔루션\쇼핑몰솔루션\샵최종수정20080523\Esens_shop\admin\img\help\1.gif --> tritrishop.com /admin/img/help 1.gif
2008.09.17 13:36 B F:\이센스디자인\이센스디자인\솔루션\쇼핑몰솔루션\샵최종수정20080523\Esens_shop\admin\img\help\2.gif --> tritrishop.com /admin/img/help 2.gif
2008.09.17 13:36 B F:\이센스디자인\이센스디자인\솔루션\쇼핑몰솔루션\샵최종수정20080523\Esens_shop\admin\img\help\3.gif --> tritrishop.com /admin/img/help 3.gif
2008.09.17 13:36 B F:\이센스디자인\이센스디자인\솔루션\쇼핑몰솔루션\샵최종수정20080523\Esens_shop\admin\img\help\4.gif --> tritrishop.com /admin/img/help 4.gif
2008.09.17 13:36 B F:\이센스디자인\이센스디자인\솔루션\쇼핑몰솔루션\샵최종수정20080523\Esens_shop\admin\img\help\5.gif --> tritrishop.com /admin/img/help 5.gif
2008.09.17 13:36 B F:\이센스디자인\이센스디자인\솔루션\쇼핑몰솔루션\샵최종수정20080523\Esens_shop\admin\img\help\6.gif --> tritrishop.com /admin/img/help 6.gif
2008.09.17 13:36 B F:\이센스디자인\이센스디자인\솔루션\쇼핑몰솔루션\샵최종수정20080523\Esens_shop\admin\img\help\7.gif --> tritrishop.com /admin/img/help 7.gif
2008.09.17 13:36 B F:\이센스디자인\이센스디자인\솔루션\쇼핑몰솔루션\샵최종수정20080523\Esens_shop\admin\img\help\8.gif --> tritrishop.com /admin/img/help 8.gif
2008.09.17 13:36 B F:\이센스디자인\이센스디자인\솔루션\쇼핑몰솔루션\샵최종수정20080523\Esens_shop\admin\img\help\helpdesk.gif --> tritrishop.com /admin/img/help helpdesk.gif
2008.09.17 13:36 B F:\이센스디자인\이센스디자인\솔루션\쇼핑몰솔루션\샵최종수정20080523\Esens_shop\admin\img\help\main_help1.gif --> tritrishop.com /admin/img/help main_help1.gif
2008.09.17 13:36 B F:\이센스디자인\이센스디자인\솔루션\쇼핑몰솔루션\샵최종수정20080523\Esens_shop\admin\img\help\main_help2.gif --> tritrishop.com /admin/img/help main_help2.gif
2008.09.17 13:36 B F:\이센스디자인\이센스디자인\솔루션\쇼핑몰솔루션\샵최종수정20080523\Esens_shop\admin\img\help\Thumbs.db --> tritrishop.com /admin/img/help Thumbs.db
2008.09.17 13:36 B F:\이센스디자인\이센스디자인\솔루션\쇼핑몰솔루션\샵최종수정20080523\Esens_shop\admin\img\help\WS_FTP.LOG --> tritrishop.com /admin/img/help WS_FTP.LOG
2008.09.29 11:19 B F:\이센스디자인\이센스디자인\솔루션\쇼핑몰솔루션\샵최종수정20080523\Esens_shop\admin\img\help\1.gif --> ban-si.com /admin/img/help 1.gif
2008.09.29 11:19 B F:\이센스디자인\이센스디자인\솔루션\쇼핑몰솔루션\샵최종수정20080523\Esens_shop\admin\img\help\2.gif --> ban-si.com /admin/img/help 2.gif
2008.09.29 11:19 B F:\이센스디자인\이센스디자인\솔루션\쇼핑몰솔루션\샵최종수정20080523\Esens_shop\admin\img\help\3.gif --> ban-si.com /admin/img/help 3.gif
2008.09.29 11:19 B F:\이센스디자인\이센스디자인\솔루션\쇼핑몰솔루션\샵최종수정20080523\Esens_shop\admin\img\help\4.gif --> ban-si.com /admin/img/help 4.gif
2008.09.29 11:19 B F:\이센스디자인\이센스디자인\솔루션\쇼핑몰솔루션\샵최종수정20080523\Esens_shop\admin\img\help\5.gif --> ban-si.com /admin/img/help 5.gif
2008.09.29 11:19 B F:\이센스디자인\이센스디자인\솔루션\쇼핑몰솔루션\샵최종수정20080523\Esens_shop\admin\img\help\6.gif --> ban-si.com /admin/img/help 6.gif
2008.09.29 11:20 B F:\이센스디자인\이센스디자인\솔루션\쇼핑몰솔루션\샵최종수정20080523\Esens_shop\admin\img\help\7.gif --> ban-si.com /admin/img/help 7.gif
2008.09.29 11:20 B F:\이센스디자인\이센스디자인\솔루션\쇼핑몰솔루션\샵최종수정20080523\Esens_shop\admin\img\help\8.gif --> ban-si.com /admin/img/help 8.gif
2008.09.29 11:20 B F:\이센스디자인\이센스디자인\솔루션\쇼핑몰솔루션\샵최종수정20080523\Esens_shop\admin\img\help\helpdesk.gif --> ban-si.com /admin/img/help helpdesk.gif
2008.09.29 11:20 B F:\이센스디자인\이센스디자인\솔루션\쇼핑몰솔루션\샵최종수정20080523\Esens_shop\admin\img\help\main_help1.gif --> ban-si.com /admin/img/help main_help1.gif
2008.09.29 11:20 B F:\이센스디자인\이센스디자인\솔루션\쇼핑몰솔루션\샵최종수정20080523\Esens_shop\admin\img\help\main_help2.gif --> ban-si.com /admin/img/help main_help2.gif
2008.09.29 11:20 B F:\이센스디자인\이센스디자인\솔루션\쇼핑몰솔루션\샵최종수정20080523\Esens_shop\admin\img\help\Thumbs.db --> ban-si.com /admin/img/help Thumbs.db
2008.09.29 11:20 B F:\이센스디자인\이센스디자인\솔루션\쇼핑몰솔루션\샵최종수정20080523\Esens_shop\admin\img\help\WS_FTP.LOG --> ban-si.com /admin/img/help WS_FTP.LOG
2008.09.29 11:27 B F:\이센스디자인\이센스디자인\솔루션\쇼핑몰솔루션\샵최종수정20080523\Esens_shop\admin\img\help\WS_FTP.LOG --> ban-si.com /admin/img/help WS_FTP.LOG
2008.10.01 15:50 B F:\이센스디자인\이센스디자인\솔루션\쇼핑몰솔루션\샵최종수정20080523\Esens_shop\admin\img\help\1.gif --> jsell.co.kr /admin/img/help 1.gif
2008.10.01 15:50 B F:\이센스디자인\이센스디자인\솔루션\쇼핑몰솔루션\샵최종수정20080523\Esens_shop\admin\img\help\2.gif --> jsell.co.kr /admin/img/help 2.gif
2008.10.01 15:50 B F:\이센스디자인\이센스디자인\솔루션\쇼핑몰솔루션\샵최종수정20080523\Esens_shop\admin\img\help\3.gif --> jsell.co.kr /admin/img/help 3.gif
2008.10.01 15:50 B F:\이센스디자인\이센스디자인\솔루션\쇼핑몰솔루션\샵최종수정20080523\Esens_shop\admin\img\help\4.gif --> jsell.co.kr /admin/img/help 4.gif
2008.10.01 15:50 B F:\이센스디자인\이센스디자인\솔루션\쇼핑몰솔루션\샵최종수정20080523\Esens_shop\admin\img\help\5.gif --> jsell.co.kr /admin/img/help 5.gif
2008.10.01 15:50 B F:\이센스디자인\이센스디자인\솔루션\쇼핑몰솔루션\샵최종수정20080523\Esens_shop\admin\img\help\6.gif --> jsell.co.kr /admin/img/help 6.gif
2008.10.01 15:50 B F:\이센스디자인\이센스디자인\솔루션\쇼핑몰솔루션\샵최종수정20080523\Esens_shop\admin\img\help\7.gif --> jsell.co.kr /admin/img/help 7.gif
2008.10.01 15:50 B F:\이센스디자인\이센스디자인\솔루션\쇼핑몰솔루션\샵최종수정20080523\Esens_shop\admin\img\help\8.gif --> jsell.co.kr /admin/img/help 8.gif
2008.10.01 15:50 B F:\이센스디자인\이센스디자인\솔루션\쇼핑몰솔루션\샵최종수정20080523\Esens_shop\admin\img\help\helpdesk.gif --> jsell.co.kr /admin/img/help helpdesk.gif
2008.10.01 15:50 B F:\이센스디자인\이센스디자인\솔루션\쇼핑몰솔루션\샵최종수정20080523\Esens_shop\admin\img\help\main_help1.gif --> jsell.co.kr /admin/img/help main_help1.gif
2008.10.01 15:50 B F:\이센스디자인\이센스디자인\솔루션\쇼핑몰솔루션\샵최종수정20080523\Esens_shop\admin\img\help\main_help2.gif --> jsell.co.kr /admin/img/help main_help2.gif
2008.10.01 15:50 B F:\이센스디자인\이센스디자인\솔루션\쇼핑몰솔루션\샵최종수정20080523\Esens_shop\admin\img\help\Thumbs.db --> jsell.co.kr /admin/img/help Thumbs.db
2008.10.01 15:50 B F:\이센스디자인\이센스디자인\솔루션\쇼핑몰솔루션\샵최종수정20080523\Esens_shop\admin\img\help\WS_FTP.LOG --> jsell.co.kr /admin/img/help WS_FTP.LOG
2008.10.02 16:31 B F:\이센스디자인\이센스디자인\솔루션\쇼핑몰솔루션\샵최종수정20080523\Esens_shop\admin\img\help\1.gif --> hokmahmall.co.kr /html/admin/img/help 1.gif
2008.10.02 16:31 B F:\이센스디자인\이센스디자인\솔루션\쇼핑몰솔루션\샵최종수정20080523\Esens_shop\admin\img\help\2.gif --> hokmahmall.co.kr /html/admin/img/help 2.gif
2008.10.02 16:31 B F:\이센스디자인\이센스디자인\솔루션\쇼핑몰솔루션\샵최종수정20080523\Esens_shop\admin\img\help\3.gif --> hokmahmall.co.kr /html/admin/img/help 3.gif
2008.10.02 16:31 B F:\이센스디자인\이센스디자인\솔루션\쇼핑몰솔루션\샵최종수정20080523\Esens_shop\admin\img\help\4.gif --> hokmahmall.co.kr /html/admin/img/help 4.gif
2008.10.02 16:31 B F:\이센스디자인\이센스디자인\솔루션\쇼핑몰솔루션\샵최종수정20080523\Esens_shop\admin\img\help\5.gif --> hokmahmall.co.kr /html/admin/img/help 5.gif
2008.10.02 16:31 B F:\이센스디자인\이센스디자인\솔루션\쇼핑몰솔루션\샵최종수정20080523\Esens_shop\admin\img\help\6.gif --> hokmahmall.co.kr /html/admin/img/help 6.gif
2008.10.02 16:31 B F:\이센스디자인\이센스디자인\솔루션\쇼핑몰솔루션\샵최종수정20080523\Esens_shop\admin\img\help\7.gif --> hokmahmall.co.kr /html/admin/img/help 7.gif
2008.10.02 16:31 B F:\이센스디자인\이센스디자인\솔루션\쇼핑몰솔루션\샵최종수정20080523\Esens_shop\admin\img\help\8.gif --> hokmahmall.co.kr /html/admin/img/help 8.gif
2008.10.02 16:31 B F:\이센스디자인\이센스디자인\솔루션\쇼핑몰솔루션\샵최종수정20080523\Esens_shop\admin\img\help\helpdesk.gif --> hokmahmall.co.kr /html/admin/img/help helpdesk.gif
2008.10.02 16:31 B F:\이센스디자인\이센스디자인\솔루션\쇼핑몰솔루션\샵최종수정20080523\Esens_shop\admin\img\help\main_help1.gif --> hokmahmall.co.kr /html/admin/img/help main_help1.gif
2008.10.02 16:31 B F:\이센스디자인\이센스디자인\솔루션\쇼핑몰솔루션\샵최종수정20080523\Esens_shop\admin\img\help\main_help2.gif --> hokmahmall.co.kr /html/admin/img/help main_help2.gif
2008.10.02 16:31 B F:\이센스디자인\이센스디자인\솔루션\쇼핑몰솔루션\샵최종수정20080523\Esens_shop\admin\img\help\Thumbs.db --> hokmahmall.co.kr /html/admin/img/help Thumbs.db
2008.10.02 16:31 B F:\이센스디자인\이센스디자인\솔루션\쇼핑몰솔루션\샵최종수정20080523\Esens_shop\admin\img\help\WS_FTP.LOG --> hokmahmall.co.kr /html/admin/img/help WS_FTP.LOG
2009.03.18 15:47 B F:\이센스디자인\이센스디자인\솔루션\쇼핑몰솔루션\샵최종수정20080523\Esens_shop\admin\img\help\1.gif --> hfworld.co.kr /public_html/admin/img/help 1.gif
2009.03.18 15:47 B F:\이센스디자인\이센스디자인\솔루션\쇼핑몰솔루션\샵최종수정20080523\Esens_shop\admin\img\help\2.gif --> hfworld.co.kr /public_html/admin/img/help 2.gif
2009.03.18 15:47 B F:\이센스디자인\이센스디자인\솔루션\쇼핑몰솔루션\샵최종수정20080523\Esens_shop\admin\img\help\3.gif --> hfworld.co.kr /public_html/admin/img/help 3.gif
2009.03.18 15:47 B F:\이센스디자인\이센스디자인\솔루션\쇼핑몰솔루션\샵최종수정20080523\Esens_shop\admin\img\help\4.gif --> hfworld.co.kr /public_html/admin/img/help 4.gif
2009.03.18 15:47 B F:\이센스디자인\이센스디자인\솔루션\쇼핑몰솔루션\샵최종수정20080523\Esens_shop\admin\img\help\5.gif --> hfworld.co.kr /public_html/admin/img/help 5.gif
2009.03.18 15:47 B F:\이센스디자인\이센스디자인\솔루션\쇼핑몰솔루션\샵최종수정20080523\Esens_shop\admin\img\help\6.gif --> hfworld.co.kr /public_html/admin/img/help 6.gif
2009.03.18 15:47 B F:\이센스디자인\이센스디자인\솔루션\쇼핑몰솔루션\샵최종수정20080523\Esens_shop\admin\img\help\7.gif --> hfworld.co.kr /public_html/admin/img/help 7.gif
2009.03.18 15:47 B F:\이센스디자인\이센스디자인\솔루션\쇼핑몰솔루션\샵최종수정20080523\Esens_shop\admin\img\help\8.gif --> hfworld.co.kr /public_html/admin/img/help 8.gif
2009.03.18 15:47 B F:\이센스디자인\이센스디자인\솔루션\쇼핑몰솔루션\샵최종수정20080523\Esens_shop\admin\img\help\helpdesk.gif --> hfworld.co.kr /public_html/admin/img/help helpdesk.gif
2009.03.18 15:47 B F:\이센스디자인\이센스디자인\솔루션\쇼핑몰솔루션\샵최종수정20080523\Esens_shop\admin\img\help\main_help1.gif --> hfworld.co.kr /public_html/admin/img/help main_help1.gif
2009.03.18 15:47 B F:\이센스디자인\이센스디자인\솔루션\쇼핑몰솔루션\샵최종수정20080523\Esens_shop\admin\img\help\main_help2.gif --> hfworld.co.kr /public_html/admin/img/help main_help2.gif
2009.03.18 15:47 B F:\이센스디자인\이센스디자인\솔루션\쇼핑몰솔루션\샵최종수정20080523\Esens_shop\admin\img\help\Thumbs.db --> hfworld.co.kr /public_html/admin/img/help Thumbs.db
2009.03.18 15:47 B F:\이센스디자인\이센스디자인\솔루션\쇼핑몰솔루션\샵최종수정20080523\Esens_shop\admin\img\help\WS_FTP.LOG --> hfworld.co.kr /public_html/admin/img/help WS_FTP.LOG
2009.03.24 12:57 B F:\이센스디자인\이센스디자인\솔루션\쇼핑몰솔루션\샵최종수정20080523\Esens_shop\admin\img\help\1.gif --> cherry-a.com /www/admin/img/help 1.gif
2009.03.24 12:57 B F:\이센스디자인\이센스디자인\솔루션\쇼핑몰솔루션\샵최종수정20080523\Esens_shop\admin\img\help\2.gif --> cherry-a.com /www/admin/img/help 2.gif
2009.03.24 12:57 B F:\이센스디자인\이센스디자인\솔루션\쇼핑몰솔루션\샵최종수정20080523\Esens_shop\admin\img\help\3.gif --> cherry-a.com /www/admin/img/help 3.gif
2009.03.24 12:57 B F:\이센스디자인\이센스디자인\솔루션\쇼핑몰솔루션\샵최종수정20080523\Esens_shop\admin\img\help\4.gif --> cherry-a.com /www/admin/img/help 4.gif
2009.03.24 12:57 B F:\이센스디자인\이센스디자인\솔루션\쇼핑몰솔루션\샵최종수정20080523\Esens_shop\admin\img\help\5.gif --> cherry-a.com /www/admin/img/help 5.gif
2009.03.24 12:57 B F:\이센스디자인\이센스디자인\솔루션\쇼핑몰솔루션\샵최종수정20080523\Esens_shop\admin\img\help\6.gif --> cherry-a.com /www/admin/img/help 6.gif
2009.03.24 12:57 B F:\이센스디자인\이센스디자인\솔루션\쇼핑몰솔루션\샵최종수정20080523\Esens_shop\admin\img\help\7.gif --> cherry-a.com /www/admin/img/help 7.gif
2009.03.24 12:57 B F:\이센스디자인\이센스디자인\솔루션\쇼핑몰솔루션\샵최종수정20080523\Esens_shop\admin\img\help\8.gif --> cherry-a.com /www/admin/img/help 8.gif
2009.03.24 12:57 B F:\이센스디자인\이센스디자인\솔루션\쇼핑몰솔루션\샵최종수정20080523\Esens_shop\admin\img\help\helpdesk.gif --> cherry-a.com /www/admin/img/help helpdesk.gif
2009.03.24 12:57 B F:\이센스디자인\이센스디자인\솔루션\쇼핑몰솔루션\샵최종수정20080523\Esens_shop\admin\img\help\main_help1.gif --> cherry-a.com /www/admin/img/help main_help1.gif
2009.03.24 12:57 B F:\이센스디자인\이센스디자인\솔루션\쇼핑몰솔루션\샵최종수정20080523\Esens_shop\admin\img\help\main_help2.gif --> cherry-a.com /www/admin/img/help main_help2.gif
2009.03.24 12:57 B F:\이센스디자인\이센스디자인\솔루션\쇼핑몰솔루션\샵최종수정20080523\Esens_shop\admin\img\help\Thumbs.db --> cherry-a.com /www/admin/img/help Thumbs.db
2009.03.24 12:57 B F:\이센스디자인\이센스디자인\솔루션\쇼핑몰솔루션\샵최종수정20080523\Esens_shop\admin\img\help\WS_FTP.LOG --> cherry-a.com /www/admin/img/help WS_FTP.LOG
2009.03.24 17:02 B F:\이센스디자인\이센스디자인\솔루션\쇼핑몰솔루션\샵최종수정20080523\Esens_shop\admin\img\help\1.gif --> 007korea.net /www.007korea.net/admin/img/help 1.gif
2009.03.24 17:02 B F:\이센스디자인\이센스디자인\솔루션\쇼핑몰솔루션\샵최종수정20080523\Esens_shop\admin\img\help\2.gif --> 007korea.net /www.007korea.net/admin/img/help 2.gif
2009.03.24 17:02 B F:\이센스디자인\이센스디자인\솔루션\쇼핑몰솔루션\샵최종수정20080523\Esens_shop\admin\img\help\3.gif --> 007korea.net /www.007korea.net/admin/img/help 3.gif
2009.03.24 17:02 B F:\이센스디자인\이센스디자인\솔루션\쇼핑몰솔루션\샵최종수정20080523\Esens_shop\admin\img\help\4.gif --> 007korea.net /www.007korea.net/admin/img/help 4.gif
2009.03.24 17:02 B F:\이센스디자인\이센스디자인\솔루션\쇼핑몰솔루션\샵최종수정20080523\Esens_shop\admin\img\help\5.gif --> 007korea.net /www.007korea.net/admin/img/help 5.gif
2009.03.24 17:02 B F:\이센스디자인\이센스디자인\솔루션\쇼핑몰솔루션\샵최종수정20080523\Esens_shop\admin\img\help\6.gif --> 007korea.net /www.007korea.net/admin/img/help 6.gif
2009.03.24 17:02 B F:\이센스디자인\이센스디자인\솔루션\쇼핑몰솔루션\샵최종수정20080523\Esens_shop\admin\img\help\7.gif --> 007korea.net /www.007korea.net/admin/img/help 7.gif
2009.03.24 17:02 B F:\이센스디자인\이센스디자인\솔루션\쇼핑몰솔루션\샵최종수정20080523\Esens_shop\admin\img\help\8.gif --> 007korea.net /www.007korea.net/admin/img/help 8.gif
2009.03.24 17:02 B F:\이센스디자인\이센스디자인\솔루션\쇼핑몰솔루션\샵최종수정20080523\Esens_shop\admin\img\help\helpdesk.gif --> 007korea.net /www.007korea.net/admin/img/help helpdesk.gif
2009.03.24 17:02 B F:\이센스디자인\이센스디자인\솔루션\쇼핑몰솔루션\샵최종수정20080523\Esens_shop\admin\img\help\main_help1.gif --> 007korea.net /www.007korea.net/admin/img/help main_help1.gif
2009.03.24 17:02 B F:\이센스디자인\이센스디자인\솔루션\쇼핑몰솔루션\샵최종수정20080523\Esens_shop\admin\img\help\main_help2.gif --> 007korea.net /www.007korea.net/admin/img/help main_help2.gif
2009.03.24 17:02 B F:\이센스디자인\이센스디자인\솔루션\쇼핑몰솔루션\샵최종수정20080523\Esens_shop\admin\img\help\Thumbs.db --> 007korea.net /www.007korea.net/admin/img/help Thumbs.db
2009.03.24 17:02 B F:\이센스디자인\이센스디자인\솔루션\쇼핑몰솔루션\샵최종수정20080523\Esens_shop\admin\img\help\WS_FTP.LOG --> 007korea.net /www.007korea.net/admin/img/help WS_FTP.LOG
2009.03.25 17:25 B F:\이센스디자인\이센스디자인\솔루션\쇼핑몰솔루션\샵최종수정20080523\Esens_shop\admin\img\help\1.gif --> jnongsan.com /www/admin/img/help 1.gif
2009.03.25 17:25 B F:\이센스디자인\이센스디자인\솔루션\쇼핑몰솔루션\샵최종수정20080523\Esens_shop\admin\img\help\2.gif --> jnongsan.com /www/admin/img/help 2.gif
2009.03.25 17:25 B F:\이센스디자인\이센스디자인\솔루션\쇼핑몰솔루션\샵최종수정20080523\Esens_shop\admin\img\help\3.gif --> jnongsan.com /www/admin/img/help 3.gif
2009.03.25 17:25 B F:\이센스디자인\이센스디자인\솔루션\쇼핑몰솔루션\샵최종수정20080523\Esens_shop\admin\img\help\4.gif --> jnongsan.com /www/admin/img/help 4.gif
2009.03.25 17:25 B F:\이센스디자인\이센스디자인\솔루션\쇼핑몰솔루션\샵최종수정20080523\Esens_shop\admin\img\help\5.gif --> jnongsan.com /www/admin/img/help 5.gif
2009.03.25 17:25 B F:\이센스디자인\이센스디자인\솔루션\쇼핑몰솔루션\샵최종수정20080523\Esens_shop\admin\img\help\6.gif --> jnongsan.com /www/admin/img/help 6.gif
2009.03.25 17:25 B F:\이센스디자인\이센스디자인\솔루션\쇼핑몰솔루션\샵최종수정20080523\Esens_shop\admin\img\help\7.gif --> jnongsan.com /www/admin/img/help 7.gif
2009.03.25 17:25 B F:\이센스디자인\이센스디자인\솔루션\쇼핑몰솔루션\샵최종수정20080523\Esens_shop\admin\img\help\8.gif --> jnongsan.com /www/admin/img/help 8.gif
2009.03.25 17:25 B F:\이센스디자인\이센스디자인\솔루션\쇼핑몰솔루션\샵최종수정20080523\Esens_shop\admin\img\help\helpdesk.gif --> jnongsan.com /www/admin/img/help helpdesk.gif
2009.03.25 17:25 B F:\이센스디자인\이센스디자인\솔루션\쇼핑몰솔루션\샵최종수정20080523\Esens_shop\admin\img\help\main_help1.gif --> jnongsan.com /www/admin/img/help main_help1.gif
2009.03.25 17:25 B F:\이센스디자인\이센스디자인\솔루션\쇼핑몰솔루션\샵최종수정20080523\Esens_shop\admin\img\help\main_help2.gif --> jnongsan.com /www/admin/img/help main_help2.gif
2009.03.25 17:25 B F:\이센스디자인\이센스디자인\솔루션\쇼핑몰솔루션\샵최종수정20080523\Esens_shop\admin\img\help\Thumbs.db --> jnongsan.com /www/admin/img/help Thumbs.db
2009.03.25 17:25 B F:\이센스디자인\이센스디자인\솔루션\쇼핑몰솔루션\샵최종수정20080523\Esens_shop\admin\img\help\WS_FTP.LOG --> jnongsan.com /www/admin/img/help WS_FTP.LOG
2009.04.03 10:56 B F:\이센스디자인\이센스디자인\솔루션\쇼핑몰솔루션\샵최종수정20080523\Esens_shop\admin\img\help\1.gif --> www.summerzigi.com /www/admin/img/help 1.gif
2009.04.03 10:56 B F:\이센스디자인\이센스디자인\솔루션\쇼핑몰솔루션\샵최종수정20080523\Esens_shop\admin\img\help\2.gif --> www.summerzigi.com /www/admin/img/help 2.gif
2009.04.03 10:56 B F:\이센스디자인\이센스디자인\솔루션\쇼핑몰솔루션\샵최종수정20080523\Esens_shop\admin\img\help\3.gif --> www.summerzigi.com /www/admin/img/help 3.gif
2009.04.03 10:56 B F:\이센스디자인\이센스디자인\솔루션\쇼핑몰솔루션\샵최종수정20080523\Esens_shop\admin\img\help\4.gif --> www.summerzigi.com /www/admin/img/help 4.gif
2009.04.03 10:56 B F:\이센스디자인\이센스디자인\솔루션\쇼핑몰솔루션\샵최종수정20080523\Esens_shop\admin\img\help\5.gif --> www.summerzigi.com /www/admin/img/help 5.gif
2009.04.03 10:56 B F:\이센스디자인\이센스디자인\솔루션\쇼핑몰솔루션\샵최종수정20080523\Esens_shop\admin\img\help\6.gif --> www.summerzigi.com /www/admin/img/help 6.gif
2009.04.03 10:56 B F:\이센스디자인\이센스디자인\솔루션\쇼핑몰솔루션\샵최종수정20080523\Esens_shop\admin\img\help\7.gif --> www.summerzigi.com /www/admin/img/help 7.gif
2009.04.03 10:56 B F:\이센스디자인\이센스디자인\솔루션\쇼핑몰솔루션\샵최종수정20080523\Esens_shop\admin\img\help\8.gif --> www.summerzigi.com /www/admin/img/help 8.gif
2009.04.03 10:56 B F:\이센스디자인\이센스디자인\솔루션\쇼핑몰솔루션\샵최종수정20080523\Esens_shop\admin\img\help\helpdesk.gif --> www.summerzigi.com /www/admin/img/help helpdesk.gif
2009.04.03 10:56 B F:\이센스디자인\이센스디자인\솔루션\쇼핑몰솔루션\샵최종수정20080523\Esens_shop\admin\img\help\main_help1.gif --> www.summerzigi.com /www/admin/img/help main_help1.gif
2009.04.03 10:56 B F:\이센스디자인\이센스디자인\솔루션\쇼핑몰솔루션\샵최종수정20080523\Esens_shop\admin\img\help\main_help2.gif --> www.summerzigi.com /www/admin/img/help main_help2.gif
2009.04.03 10:56 B F:\이센스디자인\이센스디자인\솔루션\쇼핑몰솔루션\샵최종수정20080523\Esens_shop\admin\img\help\Thumbs.db --> www.summerzigi.com /www/admin/img/help Thumbs.db
2009.04.03 10:56 B F:\이센스디자인\이센스디자인\솔루션\쇼핑몰솔루션\샵최종수정20080523\Esens_shop\admin\img\help\WS_FTP.LOG --> www.summerzigi.com /www/admin/img/help WS_FTP.LOG
2009.04.07 11:32 B F:\이센스디자인\이센스디자인\솔루션\쇼핑몰솔루션\샵최종수정20080523\Esens_shop\admin\img\help\1.gif --> memil-market.com /public_html/admin/img/help 1.gif
2009.04.07 11:32 B F:\이센스디자인\이센스디자인\솔루션\쇼핑몰솔루션\샵최종수정20080523\Esens_shop\admin\img\help\2.gif --> memil-market.com /public_html/admin/img/help 2.gif
2009.04.07 11:32 B F:\이센스디자인\이센스디자인\솔루션\쇼핑몰솔루션\샵최종수정20080523\Esens_shop\admin\img\help\3.gif --> memil-market.com /public_html/admin/img/help 3.gif
2009.04.07 11:32 B F:\이센스디자인\이센스디자인\솔루션\쇼핑몰솔루션\샵최종수정20080523\Esens_shop\admin\img\help\4.gif --> memil-market.com /public_html/admin/img/help 4.gif
2009.04.07 11:32 B F:\이센스디자인\이센스디자인\솔루션\쇼핑몰솔루션\샵최종수정20080523\Esens_shop\admin\img\help\5.gif --> memil-market.com /public_html/admin/img/help 5.gif
2009.04.07 11:32 B F:\이센스디자인\이센스디자인\솔루션\쇼핑몰솔루션\샵최종수정20080523\Esens_shop\admin\img\help\6.gif --> memil-market.com /public_html/admin/img/help 6.gif
2009.04.07 11:32 B F:\이센스디자인\이센스디자인\솔루션\쇼핑몰솔루션\샵최종수정20080523\Esens_shop\admin\img\help\7.gif --> memil-market.com /public_html/admin/img/help 7.gif
2009.04.07 11:32 B F:\이센스디자인\이센스디자인\솔루션\쇼핑몰솔루션\샵최종수정20080523\Esens_shop\admin\img\help\8.gif --> memil-market.com /public_html/admin/img/help 8.gif
2009.04.07 11:32 B F:\이센스디자인\이센스디자인\솔루션\쇼핑몰솔루션\샵최종수정20080523\Esens_shop\admin\img\help\helpdesk.gif --> memil-market.com /public_html/admin/img/help helpdesk.gif
2009.04.07 11:32 B F:\이센스디자인\이센스디자인\솔루션\쇼핑몰솔루션\샵최종수정20080523\Esens_shop\admin\img\help\main_help1.gif --> memil-market.com /public_html/admin/img/help main_help1.gif
2009.04.07 11:32 B F:\이센스디자인\이센스디자인\솔루션\쇼핑몰솔루션\샵최종수정20080523\Esens_shop\admin\img\help\main_help2.gif --> memil-market.com /public_html/admin/img/help main_help2.gif
2009.04.07 11:32 B F:\이센스디자인\이센스디자인\솔루션\쇼핑몰솔루션\샵최종수정20080523\Esens_shop\admin\img\help\Thumbs.db --> memil-market.com /public_html/admin/img/help Thumbs.db
2009.04.07 11:32 B F:\이센스디자인\이센스디자인\솔루션\쇼핑몰솔루션\샵최종수정20080523\Esens_shop\admin\img\help\WS_FTP.LOG --> memil-market.com /public_html/admin/img/help WS_FTP.LOG
2009.04.10 11:40 B F:\이센스디자인\이센스디자인\솔루션\쇼핑몰솔루션\샵최종수정20080523\Esens_shop\admin\img\help\1.gif --> gbwshop.com /www/admin/img/help 1.gif
2009.04.10 11:40 B F:\이센스디자인\이센스디자인\솔루션\쇼핑몰솔루션\샵최종수정20080523\Esens_shop\admin\img\help\2.gif --> gbwshop.com /www/admin/img/help 2.gif
2009.04.10 11:40 B F:\이센스디자인\이센스디자인\솔루션\쇼핑몰솔루션\샵최종수정20080523\Esens_shop\admin\img\help\3.gif --> gbwshop.com /www/admin/img/help 3.gif
2009.04.10 11:40 B F:\이센스디자인\이센스디자인\솔루션\쇼핑몰솔루션\샵최종수정20080523\Esens_shop\admin\img\help\4.gif --> gbwshop.com /www/admin/img/help 4.gif
2009.04.10 11:40 B F:\이센스디자인\이센스디자인\솔루션\쇼핑몰솔루션\샵최종수정20080523\Esens_shop\admin\img\help\5.gif --> gbwshop.com /www/admin/img/help 5.gif
2009.04.10 11:40 B F:\이센스디자인\이센스디자인\솔루션\쇼핑몰솔루션\샵최종수정20080523\Esens_shop\admin\img\help\6.gif --> gbwshop.com /www/admin/img/help 6.gif
2009.04.10 11:40 B F:\이센스디자인\이센스디자인\솔루션\쇼핑몰솔루션\샵최종수정20080523\Esens_shop\admin\img\help\7.gif --> gbwshop.com /www/admin/img/help 7.gif
2009.04.10 11:40 B F:\이센스디자인\이센스디자인\솔루션\쇼핑몰솔루션\샵최종수정20080523\Esens_shop\admin\img\help\8.gif --> gbwshop.com /www/admin/img/help 8.gif
2009.04.10 11:40 B F:\이센스디자인\이센스디자인\솔루션\쇼핑몰솔루션\샵최종수정20080523\Esens_shop\admin\img\help\helpdesk.gif --> gbwshop.com /www/admin/img/help helpdesk.gif
2009.04.10 11:40 B F:\이센스디자인\이센스디자인\솔루션\쇼핑몰솔루션\샵최종수정20080523\Esens_shop\admin\img\help\main_help1.gif --> gbwshop.com /www/admin/img/help main_help1.gif
2009.04.10 11:40 B F:\이센스디자인\이센스디자인\솔루션\쇼핑몰솔루션\샵최종수정20080523\Esens_shop\admin\img\help\main_help2.gif --> gbwshop.com /www/admin/img/help main_help2.gif
2009.04.10 11:40 B F:\이센스디자인\이센스디자인\솔루션\쇼핑몰솔루션\샵최종수정20080523\Esens_shop\admin\img\help\Thumbs.db --> gbwshop.com /www/admin/img/help Thumbs.db
2009.04.10 11:40 B F:\이센스디자인\이센스디자인\솔루션\쇼핑몰솔루션\샵최종수정20080523\Esens_shop\admin\img\help\WS_FTP.LOG --> gbwshop.com /www/admin/img/help WS_FTP.LOG
2009.04.10 14:01 B F:\이센스디자인\이센스디자인\솔루션\쇼핑몰솔루션\샵최종수정20080523\Esens_shop\admin\img\help\1.gif --> proavmall.com /www/admin/img/help 1.gif
2009.04.10 14:01 B F:\이센스디자인\이센스디자인\솔루션\쇼핑몰솔루션\샵최종수정20080523\Esens_shop\admin\img\help\2.gif --> proavmall.com /www/admin/img/help 2.gif
2009.04.10 14:01 B F:\이센스디자인\이센스디자인\솔루션\쇼핑몰솔루션\샵최종수정20080523\Esens_shop\admin\img\help\3.gif --> proavmall.com /www/admin/img/help 3.gif
2009.04.10 14:01 B F:\이센스디자인\이센스디자인\솔루션\쇼핑몰솔루션\샵최종수정20080523\Esens_shop\admin\img\help\4.gif --> proavmall.com /www/admin/img/help 4.gif
2009.04.10 14:01 B F:\이센스디자인\이센스디자인\솔루션\쇼핑몰솔루션\샵최종수정20080523\Esens_shop\admin\img\help\5.gif --> proavmall.com /www/admin/img/help 5.gif
2009.04.10 14:01 B F:\이센스디자인\이센스디자인\솔루션\쇼핑몰솔루션\샵최종수정20080523\Esens_shop\admin\img\help\6.gif --> proavmall.com /www/admin/img/help 6.gif
2009.04.10 14:01 B F:\이센스디자인\이센스디자인\솔루션\쇼핑몰솔루션\샵최종수정20080523\Esens_shop\admin\img\help\7.gif --> proavmall.com /www/admin/img/help 7.gif
2009.04.10 14:01 B F:\이센스디자인\이센스디자인\솔루션\쇼핑몰솔루션\샵최종수정20080523\Esens_shop\admin\img\help\8.gif --> proavmall.com /www/admin/img/help 8.gif
2009.04.10 14:01 B F:\이센스디자인\이센스디자인\솔루션\쇼핑몰솔루션\샵최종수정20080523\Esens_shop\admin\img\help\helpdesk.gif --> proavmall.com /www/admin/img/help helpdesk.gif
2009.04.10 14:01 B F:\이센스디자인\이센스디자인\솔루션\쇼핑몰솔루션\샵최종수정20080523\Esens_shop\admin\img\help\main_help1.gif --> proavmall.com /www/admin/img/help main_help1.gif
2009.04.10 14:01 B F:\이센스디자인\이센스디자인\솔루션\쇼핑몰솔루션\샵최종수정20080523\Esens_shop\admin\img\help\main_help2.gif --> proavmall.com /www/admin/img/help main_help2.gif
2009.04.10 14:01 B F:\이센스디자인\이센스디자인\솔루션\쇼핑몰솔루션\샵최종수정20080523\Esens_shop\admin\img\help\Thumbs.db --> proavmall.com /www/admin/img/help Thumbs.db
2009.04.10 14:01 B F:\이센스디자인\이센스디자인\솔루션\쇼핑몰솔루션\샵최종수정20080523\Esens_shop\admin\img\help\WS_FTP.LOG --> proavmall.com /www/admin/img/help WS_FTP.LOG
2009.04.16 17:23 B F:\이센스디자인\이센스디자인\솔루션\쇼핑몰솔루션\샵최종수정20080523\Esens_shop\admin\img\help\1.gif --> auto-hp.com /public_html/admin/img/help 1.gif
2009.04.16 17:23 B F:\이센스디자인\이센스디자인\솔루션\쇼핑몰솔루션\샵최종수정20080523\Esens_shop\admin\img\help\2.gif --> auto-hp.com /public_html/admin/img/help 2.gif
2009.04.16 17:23 B F:\이센스디자인\이센스디자인\솔루션\쇼핑몰솔루션\샵최종수정20080523\Esens_shop\admin\img\help\3.gif --> auto-hp.com /public_html/admin/img/help 3.gif
2009.04.16 17:23 B F:\이센스디자인\이센스디자인\솔루션\쇼핑몰솔루션\샵최종수정20080523\Esens_shop\admin\img\help\4.gif --> auto-hp.com /public_html/admin/img/help 4.gif
2009.04.16 17:23 B F:\이센스디자인\이센스디자인\솔루션\쇼핑몰솔루션\샵최종수정20080523\Esens_shop\admin\img\help\5.gif --> auto-hp.com /public_html/admin/img/help 5.gif
2009.04.16 17:23 B F:\이센스디자인\이센스디자인\솔루션\쇼핑몰솔루션\샵최종수정20080523\Esens_shop\admin\img\help\6.gif --> auto-hp.com /public_html/admin/img/help 6.gif
2009.04.16 17:23 B F:\이센스디자인\이센스디자인\솔루션\쇼핑몰솔루션\샵최종수정20080523\Esens_shop\admin\img\help\7.gif --> auto-hp.com /public_html/admin/img/help 7.gif
2009.04.16 17:23 B F:\이센스디자인\이센스디자인\솔루션\쇼핑몰솔루션\샵최종수정20080523\Esens_shop\admin\img\help\8.gif --> auto-hp.com /public_html/admin/img/help 8.gif
2009.04.16 17:23 B F:\이센스디자인\이센스디자인\솔루션\쇼핑몰솔루션\샵최종수정20080523\Esens_shop\admin\img\help\helpdesk.gif --> auto-hp.com /public_html/admin/img/help helpdesk.gif
2009.04.16 17:23 B F:\이센스디자인\이센스디자인\솔루션\쇼핑몰솔루션\샵최종수정20080523\Esens_shop\admin\img\help\main_help1.gif --> auto-hp.com /public_html/admin/img/help main_help1.gif
2009.04.16 17:23 B F:\이센스디자인\이센스디자인\솔루션\쇼핑몰솔루션\샵최종수정20080523\Esens_shop\admin\img\help\main_help2.gif --> auto-hp.com /public_html/admin/img/help main_help2.gif
2009.04.16 17:23 B F:\이센스디자인\이센스디자인\솔루션\쇼핑몰솔루션\샵최종수정20080523\Esens_shop\admin\img\help\Thumbs.db --> auto-hp.com /public_html/admin/img/help Thumbs.db
2009.04.16 17:23 B F:\이센스디자인\이센스디자인\솔루션\쇼핑몰솔루션\샵최종수정20080523\Esens_shop\admin\img\help\WS_FTP.LOG --> auto-hp.com /public_html/admin/img/help WS_FTP.LOG
2009.04.20 19:22 B F:\이센스디자인\이센스디자인\솔루션\쇼핑몰솔루션\샵최종수정20080523\Esens_shop\admin\img\help\1.gif --> jinju4u.co.kr /public_html/admin/img/help 1.gif
2009.04.20 19:22 B F:\이센스디자인\이센스디자인\솔루션\쇼핑몰솔루션\샵최종수정20080523\Esens_shop\admin\img\help\2.gif --> jinju4u.co.kr /public_html/admin/img/help 2.gif
2009.04.20 19:22 B F:\이센스디자인\이센스디자인\솔루션\쇼핑몰솔루션\샵최종수정20080523\Esens_shop\admin\img\help\3.gif --> jinju4u.co.kr /public_html/admin/img/help 3.gif
2009.04.20 19:22 B F:\이센스디자인\이센스디자인\솔루션\쇼핑몰솔루션\샵최종수정20080523\Esens_shop\admin\img\help\4.gif --> jinju4u.co.kr /public_html/admin/img/help 4.gif
2009.04.20 19:22 B F:\이센스디자인\이센스디자인\솔루션\쇼핑몰솔루션\샵최종수정20080523\Esens_shop\admin\img\help\5.gif --> jinju4u.co.kr /public_html/admin/img/help 5.gif
2009.04.20 19:22 B F:\이센스디자인\이센스디자인\솔루션\쇼핑몰솔루션\샵최종수정20080523\Esens_shop\admin\img\help\6.gif --> jinju4u.co.kr /public_html/admin/img/help 6.gif
2009.04.20 19:22 B F:\이센스디자인\이센스디자인\솔루션\쇼핑몰솔루션\샵최종수정20080523\Esens_shop\admin\img\help\7.gif --> jinju4u.co.kr /public_html/admin/img/help 7.gif
2009.04.20 19:22 B F:\이센스디자인\이센스디자인\솔루션\쇼핑몰솔루션\샵최종수정20080523\Esens_shop\admin\img\help\8.gif --> jinju4u.co.kr /public_html/admin/img/help 8.gif
2009.04.20 19:22 B F:\이센스디자인\이센스디자인\솔루션\쇼핑몰솔루션\샵최종수정20080523\Esens_shop\admin\img\help\helpdesk.gif --> jinju4u.co.kr /public_html/admin/img/help helpdesk.gif
2009.04.20 19:22 B F:\이센스디자인\이센스디자인\솔루션\쇼핑몰솔루션\샵최종수정20080523\Esens_shop\admin\img\help\main_help1.gif --> jinju4u.co.kr /public_html/admin/img/help main_help1.gif
2009.04.20 19:22 B F:\이센스디자인\이센스디자인\솔루션\쇼핑몰솔루션\샵최종수정20080523\Esens_shop\admin\img\help\main_help2.gif --> jinju4u.co.kr /public_html/admin/img/help main_help2.gif
2009.04.20 19:22 B F:\이센스디자인\이센스디자인\솔루션\쇼핑몰솔루션\샵최종수정20080523\Esens_shop\admin\img\help\Thumbs.db --> jinju4u.co.kr /public_html/admin/img/help Thumbs.db
2009.04.20 19:22 B F:\이센스디자인\이센스디자인\솔루션\쇼핑몰솔루션\샵최종수정20080523\Esens_shop\admin\img\help\WS_FTP.LOG --> jinju4u.co.kr /public_html/admin/img/help WS_FTP.LOG
2009.04.27 12:00 B F:\이센스디자인\이센스디자인\솔루션\쇼핑몰솔루션\샵최종수정20080523\Esens_shop\admin\img\help\1.gif --> pillkofarm.com /public_html/admin/img/help 1.gif
2009.04.27 12:00 B F:\이센스디자인\이센스디자인\솔루션\쇼핑몰솔루션\샵최종수정20080523\Esens_shop\admin\img\help\2.gif --> pillkofarm.com /public_html/admin/img/help 2.gif
2009.04.27 12:00 B F:\이센스디자인\이센스디자인\솔루션\쇼핑몰솔루션\샵최종수정20080523\Esens_shop\admin\img\help\3.gif --> pillkofarm.com /public_html/admin/img/help 3.gif
2009.04.27 12:00 B F:\이센스디자인\이센스디자인\솔루션\쇼핑몰솔루션\샵최종수정20080523\Esens_shop\admin\img\help\4.gif --> pillkofarm.com /public_html/admin/img/help 4.gif
2009.04.27 12:00 B F:\이센스디자인\이센스디자인\솔루션\쇼핑몰솔루션\샵최종수정20080523\Esens_shop\admin\img\help\5.gif --> pillkofarm.com /public_html/admin/img/help 5.gif
2009.04.27 12:00 B F:\이센스디자인\이센스디자인\솔루션\쇼핑몰솔루션\샵최종수정20080523\Esens_shop\admin\img\help\6.gif --> pillkofarm.com /public_html/admin/img/help 6.gif
2009.04.27 12:00 B F:\이센스디자인\이센스디자인\솔루션\쇼핑몰솔루션\샵최종수정20080523\Esens_shop\admin\img\help\7.gif --> pillkofarm.com /public_html/admin/img/help 7.gif
2009.04.27 12:00 B F:\이센스디자인\이센스디자인\솔루션\쇼핑몰솔루션\샵최종수정20080523\Esens_shop\admin\img\help\8.gif --> pillkofarm.com /public_html/admin/img/help 8.gif
2009.04.27 12:00 B F:\이센스디자인\이센스디자인\솔루션\쇼핑몰솔루션\샵최종수정20080523\Esens_shop\admin\img\help\helpdesk.gif --> pillkofarm.com /public_html/admin/img/help helpdesk.gif
2009.04.27 12:00 B F:\이센스디자인\이센스디자인\솔루션\쇼핑몰솔루션\샵최종수정20080523\Esens_shop\admin\img\help\main_help1.gif --> pillkofarm.com /public_html/admin/img/help main_help1.gif
2009.04.27 12:02 B F:\이센스디자인\이센스디자인\솔루션\쇼핑몰솔루션\샵최종수정20080523\Esens_shop\admin\img\help\1.gif --> pillkofarm.com /public_html/admin/img/help 1.gif
2009.04.27 12:02 B F:\이센스디자인\이센스디자인\솔루션\쇼핑몰솔루션\샵최종수정20080523\Esens_shop\admin\img\help\2.gif --> pillkofarm.com /public_html/admin/img/help 2.gif
2009.04.27 12:02 B F:\이센스디자인\이센스디자인\솔루션\쇼핑몰솔루션\샵최종수정20080523\Esens_shop\admin\img\help\3.gif --> pillkofarm.com /public_html/admin/img/help 3.gif
2009.04.27 12:02 B F:\이센스디자인\이센스디자인\솔루션\쇼핑몰솔루션\샵최종수정20080523\Esens_shop\admin\img\help\4.gif --> pillkofarm.com /public_html/admin/img/help 4.gif
2009.04.27 12:02 B F:\이센스디자인\이센스디자인\솔루션\쇼핑몰솔루션\샵최종수정20080523\Esens_shop\admin\img\help\5.gif --> pillkofarm.com /public_html/admin/img/help 5.gif
2009.04.27 12:02 B F:\이센스디자인\이센스디자인\솔루션\쇼핑몰솔루션\샵최종수정20080523\Esens_shop\admin\img\help\6.gif --> pillkofarm.com /public_html/admin/img/help 6.gif
2009.04.27 12:02 B F:\이센스디자인\이센스디자인\솔루션\쇼핑몰솔루션\샵최종수정20080523\Esens_shop\admin\img\help\7.gif --> pillkofarm.com /public_html/admin/img/help 7.gif
2009.04.27 12:02 B F:\이센스디자인\이센스디자인\솔루션\쇼핑몰솔루션\샵최종수정20080523\Esens_shop\admin\img\help\8.gif --> pillkofarm.com /public_html/admin/img/help 8.gif
2009.04.27 12:02 B F:\이센스디자인\이센스디자인\솔루션\쇼핑몰솔루션\샵최종수정20080523\Esens_shop\admin\img\help\helpdesk.gif --> pillkofarm.com /public_html/admin/img/help helpdesk.gif
2009.04.27 12:02 B F:\이센스디자인\이센스디자인\솔루션\쇼핑몰솔루션\샵최종수정20080523\Esens_shop\admin\img\help\main_help1.gif --> pillkofarm.com /public_html/admin/img/help main_help1.gif
2009.04.27 12:02 B F:\이센스디자인\이센스디자인\솔루션\쇼핑몰솔루션\샵최종수정20080523\Esens_shop\admin\img\help\Thumbs.db --> pillkofarm.com /public_html/admin/img/help Thumbs.db
2009.04.27 12:02 B F:\이센스디자인\이센스디자인\솔루션\쇼핑몰솔루션\샵최종수정20080523\Esens_shop\admin\img\help\WS_FTP.LOG --> pillkofarm.com /public_html/admin/img/help WS_FTP.LOG
2009.05.07 17:57 B F:\이센스디자인\이센스디자인\솔루션\쇼핑몰솔루션\샵최종수정20080523\Esens_shop\admin\img\help\1.gif --> kinsam.kr /admin/img/help 1.gif
2009.05.07 17:57 B F:\이센스디자인\이센스디자인\솔루션\쇼핑몰솔루션\샵최종수정20080523\Esens_shop\admin\img\help\2.gif --> kinsam.kr /admin/img/help 2.gif
2009.05.07 17:57 B F:\이센스디자인\이센스디자인\솔루션\쇼핑몰솔루션\샵최종수정20080523\Esens_shop\admin\img\help\3.gif --> kinsam.kr /admin/img/help 3.gif
2009.05.07 17:57 B F:\이센스디자인\이센스디자인\솔루션\쇼핑몰솔루션\샵최종수정20080523\Esens_shop\admin\img\help\4.gif --> kinsam.kr /admin/img/help 4.gif
2009.05.07 17:57 B F:\이센스디자인\이센스디자인\솔루션\쇼핑몰솔루션\샵최종수정20080523\Esens_shop\admin\img\help\5.gif --> kinsam.kr /admin/img/help 5.gif
2009.05.07 17:57 B F:\이센스디자인\이센스디자인\솔루션\쇼핑몰솔루션\샵최종수정20080523\Esens_shop\admin\img\help\6.gif --> kinsam.kr /admin/img/help 6.gif
2009.05.07 17:57 B F:\이센스디자인\이센스디자인\솔루션\쇼핑몰솔루션\샵최종수정20080523\Esens_shop\admin\img\help\7.gif --> kinsam.kr /admin/img/help 7.gif
2009.05.07 17:57 B F:\이센스디자인\이센스디자인\솔루션\쇼핑몰솔루션\샵최종수정20080523\Esens_shop\admin\img\help\8.gif --> kinsam.kr /admin/img/help 8.gif
2009.05.07 17:57 B F:\이센스디자인\이센스디자인\솔루션\쇼핑몰솔루션\샵최종수정20080523\Esens_shop\admin\img\help\helpdesk.gif --> kinsam.kr /admin/img/help helpdesk.gif
2009.05.07 17:57 B F:\이센스디자인\이센스디자인\솔루션\쇼핑몰솔루션\샵최종수정20080523\Esens_shop\admin\img\help\main_help1.gif --> kinsam.kr /admin/img/help main_help1.gif
2009.05.07 17:57 B F:\이센스디자인\이센스디자인\솔루션\쇼핑몰솔루션\샵최종수정20080523\Esens_shop\admin\img\help\main_help2.gif --> kinsam.kr /admin/img/help main_help2.gif
2009.05.07 17:57 B F:\이센스디자인\이센스디자인\솔루션\쇼핑몰솔루션\샵최종수정20080523\Esens_shop\admin\img\help\Thumbs.db --> kinsam.kr /admin/img/help Thumbs.db
2009.05.07 17:57 B F:\이센스디자인\이센스디자인\솔루션\쇼핑몰솔루션\샵최종수정20080523\Esens_shop\admin\img\help\WS_FTP.LOG --> kinsam.kr /admin/img/help WS_FTP.LOG
2009.05.11 14:23 B F:\이센스디자인\이센스디자인\솔루션\쇼핑몰솔루션\샵최종수정20080523\Esens_shop\admin\img\help\1.gif --> redgemma.com /admin/img/help 1.gif
2009.05.11 14:23 B F:\이센스디자인\이센스디자인\솔루션\쇼핑몰솔루션\샵최종수정20080523\Esens_shop\admin\img\help\2.gif --> redgemma.com /admin/img/help 2.gif
2009.05.11 14:23 B F:\이센스디자인\이센스디자인\솔루션\쇼핑몰솔루션\샵최종수정20080523\Esens_shop\admin\img\help\3.gif --> redgemma.com /admin/img/help 3.gif
2009.05.11 14:23 B F:\이센스디자인\이센스디자인\솔루션\쇼핑몰솔루션\샵최종수정20080523\Esens_shop\admin\img\help\4.gif --> redgemma.com /admin/img/help 4.gif
2009.05.11 14:23 B F:\이센스디자인\이센스디자인\솔루션\쇼핑몰솔루션\샵최종수정20080523\Esens_shop\admin\img\help\5.gif --> redgemma.com /admin/img/help 5.gif
2009.05.11 14:23 B F:\이센스디자인\이센스디자인\솔루션\쇼핑몰솔루션\샵최종수정20080523\Esens_shop\admin\img\help\6.gif --> redgemma.com /admin/img/help 6.gif
2009.05.11 14:23 B F:\이센스디자인\이센스디자인\솔루션\쇼핑몰솔루션\샵최종수정20080523\Esens_shop\admin\img\help\7.gif --> redgemma.com /admin/img/help 7.gif
2009.05.11 14:23 B F:\이센스디자인\이센스디자인\솔루션\쇼핑몰솔루션\샵최종수정20080523\Esens_shop\admin\img\help\8.gif --> redgemma.com /admin/img/help 8.gif
2009.05.11 14:23 B F:\이센스디자인\이센스디자인\솔루션\쇼핑몰솔루션\샵최종수정20080523\Esens_shop\admin\img\help\helpdesk.gif --> redgemma.com /admin/img/help helpdesk.gif
2009.05.11 14:23 B F:\이센스디자인\이센스디자인\솔루션\쇼핑몰솔루션\샵최종수정20080523\Esens_shop\admin\img\help\main_help1.gif --> redgemma.com /admin/img/help main_help1.gif
2009.05.11 14:23 B F:\이센스디자인\이센스디자인\솔루션\쇼핑몰솔루션\샵최종수정20080523\Esens_shop\admin\img\help\main_help2.gif --> redgemma.com /admin/img/help main_help2.gif
2009.05.11 14:23 B F:\이센스디자인\이센스디자인\솔루션\쇼핑몰솔루션\샵최종수정20080523\Esens_shop\admin\img\help\Thumbs.db --> redgemma.com /admin/img/help Thumbs.db
2009.05.11 14:23 B F:\이센스디자인\이센스디자인\솔루션\쇼핑몰솔루션\샵최종수정20080523\Esens_shop\admin\img\help\WS_FTP.LOG --> redgemma.com /admin/img/help WS_FTP.LOG
2009.05.11 14:54 B F:\이센스디자인\이센스디자인\솔루션\쇼핑몰솔루션\샵최종수정20080523\Esens_shop\admin\img\help\1.gif --> sesunmall.com /admin/img/help 1.gif
2009.05.11 14:54 B F:\이센스디자인\이센스디자인\솔루션\쇼핑몰솔루션\샵최종수정20080523\Esens_shop\admin\img\help\2.gif --> sesunmall.com /admin/img/help 2.gif
2009.05.11 14:54 B F:\이센스디자인\이센스디자인\솔루션\쇼핑몰솔루션\샵최종수정20080523\Esens_shop\admin\img\help\3.gif --> sesunmall.com /admin/img/help 3.gif
2009.05.11 14:54 B F:\이센스디자인\이센스디자인\솔루션\쇼핑몰솔루션\샵최종수정20080523\Esens_shop\admin\img\help\4.gif --> sesunmall.com /admin/img/help 4.gif
2009.05.11 14:54 B F:\이센스디자인\이센스디자인\솔루션\쇼핑몰솔루션\샵최종수정20080523\Esens_shop\admin\img\help\5.gif --> sesunmall.com /admin/img/help 5.gif
2009.05.11 14:54 B F:\이센스디자인\이센스디자인\솔루션\쇼핑몰솔루션\샵최종수정20080523\Esens_shop\admin\img\help\6.gif --> sesunmall.com /admin/img/help 6.gif
2009.05.11 14:54 B F:\이센스디자인\이센스디자인\솔루션\쇼핑몰솔루션\샵최종수정20080523\Esens_shop\admin\img\help\7.gif --> sesunmall.com /admin/img/help 7.gif
2009.05.11 14:54 B F:\이센스디자인\이센스디자인\솔루션\쇼핑몰솔루션\샵최종수정20080523\Esens_shop\admin\img\help\8.gif --> sesunmall.com /admin/img/help 8.gif
2009.05.11 14:54 B F:\이센스디자인\이센스디자인\솔루션\쇼핑몰솔루션\샵최종수정20080523\Esens_shop\admin\img\help\helpdesk.gif --> sesunmall.com /admin/img/help helpdesk.gif
2009.05.11 14:54 B F:\이센스디자인\이센스디자인\솔루션\쇼핑몰솔루션\샵최종수정20080523\Esens_shop\admin\img\help\main_help1.gif --> sesunmall.com /admin/img/help main_help1.gif
2009.05.11 14:54 B F:\이센스디자인\이센스디자인\솔루션\쇼핑몰솔루션\샵최종수정20080523\Esens_shop\admin\img\help\main_help2.gif --> sesunmall.com /admin/img/help main_help2.gif
2009.05.11 14:54 B F:\이센스디자인\이센스디자인\솔루션\쇼핑몰솔루션\샵최종수정20080523\Esens_shop\admin\img\help\Thumbs.db --> sesunmall.com /admin/img/help Thumbs.db
2009.05.11 14:54 B F:\이센스디자인\이센스디자인\솔루션\쇼핑몰솔루션\샵최종수정20080523\Esens_shop\admin\img\help\WS_FTP.LOG --> sesunmall.com /admin/img/help WS_FTP.LOG
2009.05.12 13:15 B F:\이센스디자인\이센스디자인\솔루션\쇼핑몰솔루션\샵최종수정20080523\Esens_shop\admin\img\help\1.gif --> gamlam.co.kr /public_html/admin/img/help 1.gif
2009.05.12 13:15 B F:\이센스디자인\이센스디자인\솔루션\쇼핑몰솔루션\샵최종수정20080523\Esens_shop\admin\img\help\2.gif --> gamlam.co.kr /public_html/admin/img/help 2.gif
2009.05.12 13:15 B F:\이센스디자인\이센스디자인\솔루션\쇼핑몰솔루션\샵최종수정20080523\Esens_shop\admin\img\help\3.gif --> gamlam.co.kr /public_html/admin/img/help 3.gif
2009.05.12 13:15 B F:\이센스디자인\이센스디자인\솔루션\쇼핑몰솔루션\샵최종수정20080523\Esens_shop\admin\img\help\4.gif --> gamlam.co.kr /public_html/admin/img/help 4.gif
2009.05.12 13:15 B F:\이센스디자인\이센스디자인\솔루션\쇼핑몰솔루션\샵최종수정20080523\Esens_shop\admin\img\help\5.gif --> gamlam.co.kr /public_html/admin/img/help 5.gif
2009.05.12 13:15 B F:\이센스디자인\이센스디자인\솔루션\쇼핑몰솔루션\샵최종수정20080523\Esens_shop\admin\img\help\6.gif --> gamlam.co.kr /public_html/admin/img/help 6.gif
2009.05.12 13:15 B F:\이센스디자인\이센스디자인\솔루션\쇼핑몰솔루션\샵최종수정20080523\Esens_shop\admin\img\help\7.gif --> gamlam.co.kr /public_html/admin/img/help 7.gif
2009.05.12 13:15 B F:\이센스디자인\이센스디자인\솔루션\쇼핑몰솔루션\샵최종수정20080523\Esens_shop\admin\img\help\8.gif --> gamlam.co.kr /public_html/admin/img/help 8.gif
2009.05.12 13:15 B F:\이센스디자인\이센스디자인\솔루션\쇼핑몰솔루션\샵최종수정20080523\Esens_shop\admin\img\help\helpdesk.gif --> gamlam.co.kr /public_html/admin/img/help helpdesk.gif
2009.05.12 13:15 B F:\이센스디자인\이센스디자인\솔루션\쇼핑몰솔루션\샵최종수정20080523\Esens_shop\admin\img\help\main_help1.gif --> gamlam.co.kr /public_html/admin/img/help main_help1.gif
2009.05.12 13:15 B F:\이센스디자인\이센스디자인\솔루션\쇼핑몰솔루션\샵최종수정20080523\Esens_shop\admin\img\help\main_help2.gif --> gamlam.co.kr /public_html/admin/img/help main_help2.gif
2009.05.12 13:15 B F:\이센스디자인\이센스디자인\솔루션\쇼핑몰솔루션\샵최종수정20080523\Esens_shop\admin\img\help\Thumbs.db --> gamlam.co.kr /public_html/admin/img/help Thumbs.db
2009.05.12 13:15 B F:\이센스디자인\이센스디자인\솔루션\쇼핑몰솔루션\샵최종수정20080523\Esens_shop\admin\img\help\WS_FTP.LOG --> gamlam.co.kr /public_html/admin/img/help WS_FTP.LOG
2009.05.14 12:25 B F:\이센스디자인\이센스디자인\솔루션\쇼핑몰솔루션\샵최종수정20080523\Esens_shop\admin\img\help\1.gif --> speedmall114.kr /admin/img/help 1.gif
2009.05.14 12:25 B F:\이센스디자인\이센스디자인\솔루션\쇼핑몰솔루션\샵최종수정20080523\Esens_shop\admin\img\help\2.gif --> speedmall114.kr /admin/img/help 2.gif
2009.05.14 12:25 B F:\이센스디자인\이센스디자인\솔루션\쇼핑몰솔루션\샵최종수정20080523\Esens_shop\admin\img\help\3.gif --> speedmall114.kr /admin/img/help 3.gif
2009.05.14 12:25 B F:\이센스디자인\이센스디자인\솔루션\쇼핑몰솔루션\샵최종수정20080523\Esens_shop\admin\img\help\4.gif --> speedmall114.kr /admin/img/help 4.gif
2009.05.14 12:25 B F:\이센스디자인\이센스디자인\솔루션\쇼핑몰솔루션\샵최종수정20080523\Esens_shop\admin\img\help\5.gif --> speedmall114.kr /admin/img/help 5.gif
2009.05.14 12:25 B F:\이센스디자인\이센스디자인\솔루션\쇼핑몰솔루션\샵최종수정20080523\Esens_shop\admin\img\help\6.gif --> speedmall114.kr /admin/img/help 6.gif
2009.05.14 12:25 B F:\이센스디자인\이센스디자인\솔루션\쇼핑몰솔루션\샵최종수정20080523\Esens_shop\admin\img\help\7.gif --> speedmall114.kr /admin/img/help 7.gif
2009.05.14 12:25 B F:\이센스디자인\이센스디자인\솔루션\쇼핑몰솔루션\샵최종수정20080523\Esens_shop\admin\img\help\8.gif --> speedmall114.kr /admin/img/help 8.gif
2009.05.14 12:25 B F:\이센스디자인\이센스디자인\솔루션\쇼핑몰솔루션\샵최종수정20080523\Esens_shop\admin\img\help\helpdesk.gif --> speedmall114.kr /admin/img/help helpdesk.gif
2009.05.14 12:25 B F:\이센스디자인\이센스디자인\솔루션\쇼핑몰솔루션\샵최종수정20080523\Esens_shop\admin\img\help\main_help1.gif --> speedmall114.kr /admin/img/help main_help1.gif
2009.05.14 12:25 B F:\이센스디자인\이센스디자인\솔루션\쇼핑몰솔루션\샵최종수정20080523\Esens_shop\admin\img\help\main_help2.gif --> speedmall114.kr /admin/img/help main_help2.gif
2009.05.14 12:25 B F:\이센스디자인\이센스디자인\솔루션\쇼핑몰솔루션\샵최종수정20080523\Esens_shop\admin\img\help\Thumbs.db --> speedmall114.kr /admin/img/help Thumbs.db
2009.05.14 12:25 B F:\이센스디자인\이센스디자인\솔루션\쇼핑몰솔루션\샵최종수정20080523\Esens_shop\admin\img\help\WS_FTP.LOG --> speedmall114.kr /admin/img/help WS_FTP.LOG
2009.05.14 13:19 B F:\이센스디자인\이센스디자인\솔루션\쇼핑몰솔루션\샵최종수정20080523\Esens_shop\admin\img\help\1.gif --> msidgng.cafe24.com /www/admin/img/help 1.gif
2009.05.14 13:19 B F:\이센스디자인\이센스디자인\솔루션\쇼핑몰솔루션\샵최종수정20080523\Esens_shop\admin\img\help\2.gif --> msidgng.cafe24.com /www/admin/img/help 2.gif
2009.05.14 13:19 B F:\이센스디자인\이센스디자인\솔루션\쇼핑몰솔루션\샵최종수정20080523\Esens_shop\admin\img\help\3.gif --> msidgng.cafe24.com /www/admin/img/help 3.gif
2009.05.14 13:19 B F:\이센스디자인\이센스디자인\솔루션\쇼핑몰솔루션\샵최종수정20080523\Esens_shop\admin\img\help\4.gif --> msidgng.cafe24.com /www/admin/img/help 4.gif
2009.05.14 13:19 B F:\이센스디자인\이센스디자인\솔루션\쇼핑몰솔루션\샵최종수정20080523\Esens_shop\admin\img\help\5.gif --> msidgng.cafe24.com /www/admin/img/help 5.gif
2009.05.14 13:19 B F:\이센스디자인\이센스디자인\솔루션\쇼핑몰솔루션\샵최종수정20080523\Esens_shop\admin\img\help\6.gif --> msidgng.cafe24.com /www/admin/img/help 6.gif
2009.05.14 13:19 B F:\이센스디자인\이센스디자인\솔루션\쇼핑몰솔루션\샵최종수정20080523\Esens_shop\admin\img\help\7.gif --> msidgng.cafe24.com /www/admin/img/help 7.gif
2009.05.14 13:19 B F:\이센스디자인\이센스디자인\솔루션\쇼핑몰솔루션\샵최종수정20080523\Esens_shop\admin\img\help\8.gif --> msidgng.cafe24.com /www/admin/img/help 8.gif
2009.05.14 13:19 B F:\이센스디자인\이센스디자인\솔루션\쇼핑몰솔루션\샵최종수정20080523\Esens_shop\admin\img\help\helpdesk.gif --> msidgng.cafe24.com /www/admin/img/help helpdesk.gif
2009.05.14 13:19 B F:\이센스디자인\이센스디자인\솔루션\쇼핑몰솔루션\샵최종수정20080523\Esens_shop\admin\img\help\main_help1.gif --> msidgng.cafe24.com /www/admin/img/help main_help1.gif
2009.05.14 13:19 B F:\이센스디자인\이센스디자인\솔루션\쇼핑몰솔루션\샵최종수정20080523\Esens_shop\admin\img\help\main_help2.gif --> msidgng.cafe24.com /www/admin/img/help main_help2.gif
2009.05.14 13:19 B F:\이센스디자인\이센스디자인\솔루션\쇼핑몰솔루션\샵최종수정20080523\Esens_shop\admin\img\help\Thumbs.db --> msidgng.cafe24.com /www/admin/img/help Thumbs.db
2009.05.14 13:19 B F:\이센스디자인\이센스디자인\솔루션\쇼핑몰솔루션\샵최종수정20080523\Esens_shop\admin\img\help\WS_FTP.LOG --> msidgng.cafe24.com /www/admin/img/help WS_FTP.LOG
2009.05.15 12:37 B F:\이센스디자인\이센스디자인\솔루션\쇼핑몰솔루션\샵최종수정20080523\Esens_shop\admin\img\help\1.gif --> kkb1976.cafe24.com /www/admin/img/help 1.gif
2009.05.15 12:37 B F:\이센스디자인\이센스디자인\솔루션\쇼핑몰솔루션\샵최종수정20080523\Esens_shop\admin\img\help\2.gif --> kkb1976.cafe24.com /www/admin/img/help 2.gif
2009.05.15 12:37 B F:\이센스디자인\이센스디자인\솔루션\쇼핑몰솔루션\샵최종수정20080523\Esens_shop\admin\img\help\3.gif --> kkb1976.cafe24.com /www/admin/img/help 3.gif
2009.05.15 12:37 B F:\이센스디자인\이센스디자인\솔루션\쇼핑몰솔루션\샵최종수정20080523\Esens_shop\admin\img\help\4.gif --> kkb1976.cafe24.com /www/admin/img/help 4.gif
2009.05.15 12:37 B F:\이센스디자인\이센스디자인\솔루션\쇼핑몰솔루션\샵최종수정20080523\Esens_shop\admin\img\help\5.gif --> kkb1976.cafe24.com /www/admin/img/help 5.gif
2009.05.15 12:37 B F:\이센스디자인\이센스디자인\솔루션\쇼핑몰솔루션\샵최종수정20080523\Esens_shop\admin\img\help\6.gif --> kkb1976.cafe24.com /www/admin/img/help 6.gif
2009.05.15 12:37 B F:\이센스디자인\이센스디자인\솔루션\쇼핑몰솔루션\샵최종수정20080523\Esens_shop\admin\img\help\7.gif --> kkb1976.cafe24.com /www/admin/img/help 7.gif
2009.05.15 12:37 B F:\이센스디자인\이센스디자인\솔루션\쇼핑몰솔루션\샵최종수정20080523\Esens_shop\admin\img\help\8.gif --> kkb1976.cafe24.com /www/admin/img/help 8.gif
2009.05.15 12:37 B F:\이센스디자인\이센스디자인\솔루션\쇼핑몰솔루션\샵최종수정20080523\Esens_shop\admin\img\help\helpdesk.gif --> kkb1976.cafe24.com /www/admin/img/help helpdesk.gif
2009.05.15 12:37 B F:\이센스디자인\이센스디자인\솔루션\쇼핑몰솔루션\샵최종수정20080523\Esens_shop\admin\img\help\main_help1.gif --> kkb1976.cafe24.com /www/admin/img/help main_help1.gif
2009.05.15 12:37 B F:\이센스디자인\이센스디자인\솔루션\쇼핑몰솔루션\샵최종수정20080523\Esens_shop\admin\img\help\main_help2.gif --> kkb1976.cafe24.com /www/admin/img/help main_help2.gif
2009.05.15 12:37 B F:\이센스디자인\이센스디자인\솔루션\쇼핑몰솔루션\샵최종수정20080523\Esens_shop\admin\img\help\Thumbs.db --> kkb1976.cafe24.com /www/admin/img/help Thumbs.db
2009.05.15 12:37 B F:\이센스디자인\이센스디자인\솔루션\쇼핑몰솔루션\샵최종수정20080523\Esens_shop\admin\img\help\WS_FTP.LOG --> kkb1976.cafe24.com /www/admin/img/help WS_FTP.LOG
2009.05.19 14:53 B F:\이센스디자인\이센스디자인\솔루션\쇼핑몰솔루션\샵최종수정20080523\Esens_shop\admin\img\help\1.gif --> q01.asadal.net /admin/img/help 1.gif
2009.05.19 14:53 B F:\이센스디자인\이센스디자인\솔루션\쇼핑몰솔루션\샵최종수정20080523\Esens_shop\admin\img\help\2.gif --> q01.asadal.net /admin/img/help 2.gif
2009.05.19 14:53 B F:\이센스디자인\이센스디자인\솔루션\쇼핑몰솔루션\샵최종수정20080523\Esens_shop\admin\img\help\3.gif --> q01.asadal.net /admin/img/help 3.gif
2009.05.19 14:53 B F:\이센스디자인\이센스디자인\솔루션\쇼핑몰솔루션\샵최종수정20080523\Esens_shop\admin\img\help\4.gif --> q01.asadal.net /admin/img/help 4.gif
2009.05.19 14:53 B F:\이센스디자인\이센스디자인\솔루션\쇼핑몰솔루션\샵최종수정20080523\Esens_shop\admin\img\help\5.gif --> q01.asadal.net /admin/img/help 5.gif
2009.05.19 14:53 B F:\이센스디자인\이센스디자인\솔루션\쇼핑몰솔루션\샵최종수정20080523\Esens_shop\admin\img\help\6.gif --> q01.asadal.net /admin/img/help 6.gif
2009.05.19 14:53 B F:\이센스디자인\이센스디자인\솔루션\쇼핑몰솔루션\샵최종수정20080523\Esens_shop\admin\img\help\7.gif --> q01.asadal.net /admin/img/help 7.gif
2009.05.19 14:53 B F:\이센스디자인\이센스디자인\솔루션\쇼핑몰솔루션\샵최종수정20080523\Esens_shop\admin\img\help\8.gif --> q01.asadal.net /admin/img/help 8.gif
2009.05.19 14:53 B F:\이센스디자인\이센스디자인\솔루션\쇼핑몰솔루션\샵최종수정20080523\Esens_shop\admin\img\help\helpdesk.gif --> q01.asadal.net /admin/img/help helpdesk.gif
2009.05.19 14:53 B F:\이센스디자인\이센스디자인\솔루션\쇼핑몰솔루션\샵최종수정20080523\Esens_shop\admin\img\help\main_help1.gif --> q01.asadal.net /admin/img/help main_help1.gif
2009.05.19 14:53 B F:\이센스디자인\이센스디자인\솔루션\쇼핑몰솔루션\샵최종수정20080523\Esens_shop\admin\img\help\main_help2.gif --> q01.asadal.net /admin/img/help main_help2.gif
2009.05.19 14:53 B F:\이센스디자인\이센스디자인\솔루션\쇼핑몰솔루션\샵최종수정20080523\Esens_shop\admin\img\help\Thumbs.db --> q01.asadal.net /admin/img/help Thumbs.db
2009.05.19 14:53 B F:\이센스디자인\이센스디자인\솔루션\쇼핑몰솔루션\샵최종수정20080523\Esens_shop\admin\img\help\WS_FTP.LOG --> q01.asadal.net /admin/img/help WS_FTP.LOG
2009.05.19 16:01 B F:\이센스디자인\이센스디자인\솔루션\쇼핑몰솔루션\샵최종수정20080523\Esens_shop\admin\img\help\1.gif --> tomertime.co.kr /admin/img/help 1.gif
2009.05.19 16:01 B F:\이센스디자인\이센스디자인\솔루션\쇼핑몰솔루션\샵최종수정20080523\Esens_shop\admin\img\help\2.gif --> tomertime.co.kr /admin/img/help 2.gif
2009.05.19 16:01 B F:\이센스디자인\이센스디자인\솔루션\쇼핑몰솔루션\샵최종수정20080523\Esens_shop\admin\img\help\3.gif --> tomertime.co.kr /admin/img/help 3.gif
2009.05.19 16:01 B F:\이센스디자인\이센스디자인\솔루션\쇼핑몰솔루션\샵최종수정20080523\Esens_shop\admin\img\help\4.gif --> tomertime.co.kr /admin/img/help 4.gif
2009.05.19 16:01 B F:\이센스디자인\이센스디자인\솔루션\쇼핑몰솔루션\샵최종수정20080523\Esens_shop\admin\img\help\5.gif --> tomertime.co.kr /admin/img/help 5.gif
2009.05.19 16:01 B F:\이센스디자인\이센스디자인\솔루션\쇼핑몰솔루션\샵최종수정20080523\Esens_shop\admin\img\help\6.gif --> tomertime.co.kr /admin/img/help 6.gif
2009.05.19 16:01 B F:\이센스디자인\이센스디자인\솔루션\쇼핑몰솔루션\샵최종수정20080523\Esens_shop\admin\img\help\7.gif --> tomertime.co.kr /admin/img/help 7.gif
2009.05.19 16:01 B F:\이센스디자인\이센스디자인\솔루션\쇼핑몰솔루션\샵최종수정20080523\Esens_shop\admin\img\help\8.gif --> tomertime.co.kr /admin/img/help 8.gif
2009.05.19 16:01 B F:\이센스디자인\이센스디자인\솔루션\쇼핑몰솔루션\샵최종수정20080523\Esens_shop\admin\img\help\helpdesk.gif --> tomertime.co.kr /admin/img/help helpdesk.gif
2009.05.19 16:01 B F:\이센스디자인\이센스디자인\솔루션\쇼핑몰솔루션\샵최종수정20080523\Esens_shop\admin\img\help\main_help1.gif --> tomertime.co.kr /admin/img/help main_help1.gif
2009.05.19 16:01 B F:\이센스디자인\이센스디자인\솔루션\쇼핑몰솔루션\샵최종수정20080523\Esens_shop\admin\img\help\main_help2.gif --> tomertime.co.kr /admin/img/help main_help2.gif
2009.05.19 16:01 B F:\이센스디자인\이센스디자인\솔루션\쇼핑몰솔루션\샵최종수정20080523\Esens_shop\admin\img\help\Thumbs.db --> tomertime.co.kr /admin/img/help Thumbs.db
2009.05.19 16:01 B F:\이센스디자인\이센스디자인\솔루션\쇼핑몰솔루션\샵최종수정20080523\Esens_shop\admin\img\help\WS_FTP.LOG --> tomertime.co.kr /admin/img/help WS_FTP.LOG
2009.05.25 12:32 B F:\이센스디자인\이센스디자인\솔루션\쇼핑몰솔루션\샵최종수정20080523\Esens_shop\admin\img\help\1.gif --> wangpo.kr /www/admin/img/help 1.gif
2009.05.25 12:32 B F:\이센스디자인\이센스디자인\솔루션\쇼핑몰솔루션\샵최종수정20080523\Esens_shop\admin\img\help\2.gif --> wangpo.kr /www/admin/img/help 2.gif
2009.05.25 12:32 B F:\이센스디자인\이센스디자인\솔루션\쇼핑몰솔루션\샵최종수정20080523\Esens_shop\admin\img\help\3.gif --> wangpo.kr /www/admin/img/help 3.gif
2009.05.25 12:32 B F:\이센스디자인\이센스디자인\솔루션\쇼핑몰솔루션\샵최종수정20080523\Esens_shop\admin\img\help\4.gif --> wangpo.kr /www/admin/img/help 4.gif
2009.05.25 12:32 B F:\이센스디자인\이센스디자인\솔루션\쇼핑몰솔루션\샵최종수정20080523\Esens_shop\admin\img\help\5.gif --> wangpo.kr /www/admin/img/help 5.gif
2009.05.25 12:32 B F:\이센스디자인\이센스디자인\솔루션\쇼핑몰솔루션\샵최종수정20080523\Esens_shop\admin\img\help\6.gif --> wangpo.kr /www/admin/img/help 6.gif
2009.05.25 12:32 B F:\이센스디자인\이센스디자인\솔루션\쇼핑몰솔루션\샵최종수정20080523\Esens_shop\admin\img\help\7.gif --> wangpo.kr /www/admin/img/help 7.gif
2009.05.25 12:32 B F:\이센스디자인\이센스디자인\솔루션\쇼핑몰솔루션\샵최종수정20080523\Esens_shop\admin\img\help\8.gif --> wangpo.kr /www/admin/img/help 8.gif
2009.05.25 12:32 B F:\이센스디자인\이센스디자인\솔루션\쇼핑몰솔루션\샵최종수정20080523\Esens_shop\admin\img\help\helpdesk.gif --> wangpo.kr /www/admin/img/help helpdesk.gif
2009.05.25 12:32 B F:\이센스디자인\이센스디자인\솔루션\쇼핑몰솔루션\샵최종수정20080523\Esens_shop\admin\img\help\main_help1.gif --> wangpo.kr /www/admin/img/help main_help1.gif
2009.05.25 12:32 B F:\이센스디자인\이센스디자인\솔루션\쇼핑몰솔루션\샵최종수정20080523\Esens_shop\admin\img\help\main_help2.gif --> wangpo.kr /www/admin/img/help main_help2.gif
2009.05.25 12:32 B F:\이센스디자인\이센스디자인\솔루션\쇼핑몰솔루션\샵최종수정20080523\Esens_shop\admin\img\help\Thumbs.db --> wangpo.kr /www/admin/img/help Thumbs.db
2009.05.25 12:32 B F:\이센스디자인\이센스디자인\솔루션\쇼핑몰솔루션\샵최종수정20080523\Esens_shop\admin\img\help\WS_FTP.LOG --> wangpo.kr /www/admin/img/help WS_FTP.LOG
2009.05.25 12:51 B F:\이센스디자인\이센스디자인\솔루션\쇼핑몰솔루션\샵최종수정20080523\Esens_shop\admin\img\help\1.gif --> yakchomall.com /admin/img/help 1.gif
2009.05.25 12:51 B F:\이센스디자인\이센스디자인\솔루션\쇼핑몰솔루션\샵최종수정20080523\Esens_shop\admin\img\help\2.gif --> yakchomall.com /admin/img/help 2.gif
2009.05.25 12:51 B F:\이센스디자인\이센스디자인\솔루션\쇼핑몰솔루션\샵최종수정20080523\Esens_shop\admin\img\help\3.gif --> yakchomall.com /admin/img/help 3.gif
2009.05.25 12:51 B F:\이센스디자인\이센스디자인\솔루션\쇼핑몰솔루션\샵최종수정20080523\Esens_shop\admin\img\help\4.gif --> yakchomall.com /admin/img/help 4.gif
2009.05.25 12:51 B F:\이센스디자인\이센스디자인\솔루션\쇼핑몰솔루션\샵최종수정20080523\Esens_shop\admin\img\help\5.gif --> yakchomall.com /admin/img/help 5.gif
2009.05.25 12:51 B F:\이센스디자인\이센스디자인\솔루션\쇼핑몰솔루션\샵최종수정20080523\Esens_shop\admin\img\help\6.gif --> yakchomall.com /admin/img/help 6.gif
2009.05.25 12:51 B F:\이센스디자인\이센스디자인\솔루션\쇼핑몰솔루션\샵최종수정20080523\Esens_shop\admin\img\help\7.gif --> yakchomall.com /admin/img/help 7.gif
2009.05.25 12:51 B F:\이센스디자인\이센스디자인\솔루션\쇼핑몰솔루션\샵최종수정20080523\Esens_shop\admin\img\help\8.gif --> yakchomall.com /admin/img/help 8.gif
2009.05.25 12:51 B F:\이센스디자인\이센스디자인\솔루션\쇼핑몰솔루션\샵최종수정20080523\Esens_shop\admin\img\help\helpdesk.gif --> yakchomall.com /admin/img/help helpdesk.gif
2009.05.25 12:51 B F:\이센스디자인\이센스디자인\솔루션\쇼핑몰솔루션\샵최종수정20080523\Esens_shop\admin\img\help\main_help1.gif --> yakchomall.com /admin/img/help main_help1.gif
2009.05.25 12:51 B F:\이센스디자인\이센스디자인\솔루션\쇼핑몰솔루션\샵최종수정20080523\Esens_shop\admin\img\help\main_help2.gif --> yakchomall.com /admin/img/help main_help2.gif
2009.05.25 12:51 B F:\이센스디자인\이센스디자인\솔루션\쇼핑몰솔루션\샵최종수정20080523\Esens_shop\admin\img\help\Thumbs.db --> yakchomall.com /admin/img/help Thumbs.db
2009.05.25 12:51 B F:\이센스디자인\이센스디자인\솔루션\쇼핑몰솔루션\샵최종수정20080523\Esens_shop\admin\img\help\WS_FTP.LOG --> yakchomall.com /admin/img/help WS_FTP.LOG
2009.05.26 14:04 B F:\이센스디자인\이센스디자인\솔루션\쇼핑몰솔루션\샵최종수정20080523\Esens_shop\admin\img\help\1.gif --> test.hanmedimall.co.kr /home/han_ftp/admin/img/help 1.gif
2009.05.26 14:04 B F:\이센스디자인\이센스디자인\솔루션\쇼핑몰솔루션\샵최종수정20080523\Esens_shop\admin\img\help\2.gif --> test.hanmedimall.co.kr /home/han_ftp/admin/img/help 2.gif
2009.05.26 14:04 B F:\이센스디자인\이센스디자인\솔루션\쇼핑몰솔루션\샵최종수정20080523\Esens_shop\admin\img\help\3.gif --> test.hanmedimall.co.kr /home/han_ftp/admin/img/help 3.gif
2009.05.26 14:04 B F:\이센스디자인\이센스디자인\솔루션\쇼핑몰솔루션\샵최종수정20080523\Esens_shop\admin\img\help\4.gif --> test.hanmedimall.co.kr /home/han_ftp/admin/img/help 4.gif
2009.05.26 14:04 B F:\이센스디자인\이센스디자인\솔루션\쇼핑몰솔루션\샵최종수정20080523\Esens_shop\admin\img\help\5.gif --> test.hanmedimall.co.kr /home/han_ftp/admin/img/help 5.gif
2009.05.26 14:04 B F:\이센스디자인\이센스디자인\솔루션\쇼핑몰솔루션\샵최종수정20080523\Esens_shop\admin\img\help\6.gif --> test.hanmedimall.co.kr /home/han_ftp/admin/img/help 6.gif
2009.05.26 14:04 B F:\이센스디자인\이센스디자인\솔루션\쇼핑몰솔루션\샵최종수정20080523\Esens_shop\admin\img\help\7.gif --> test.hanmedimall.co.kr /home/han_ftp/admin/img/help 7.gif
2009.05.26 14:04 B F:\이센스디자인\이센스디자인\솔루션\쇼핑몰솔루션\샵최종수정20080523\Esens_shop\admin\img\help\8.gif --> test.hanmedimall.co.kr /home/han_ftp/admin/img/help 8.gif
2009.05.26 14:04 B F:\이센스디자인\이센스디자인\솔루션\쇼핑몰솔루션\샵최종수정20080523\Esens_shop\admin\img\help\helpdesk.gif --> test.hanmedimall.co.kr /home/han_ftp/admin/img/help helpdesk.gif
2009.05.26 14:04 B F:\이센스디자인\이센스디자인\솔루션\쇼핑몰솔루션\샵최종수정20080523\Esens_shop\admin\img\help\main_help1.gif --> test.hanmedimall.co.kr /home/han_ftp/admin/img/help main_help1.gif
2009.05.26 14:04 B F:\이센스디자인\이센스디자인\솔루션\쇼핑몰솔루션\샵최종수정20080523\Esens_shop\admin\img\help\main_help2.gif --> test.hanmedimall.co.kr /home/han_ftp/admin/img/help main_help2.gif
2009.05.26 14:04 B F:\이센스디자인\이센스디자인\솔루션\쇼핑몰솔루션\샵최종수정20080523\Esens_shop\admin\img\help\Thumbs.db --> test.hanmedimall.co.kr /home/han_ftp/admin/img/help Thumbs.db
2009.05.26 14:04 B F:\이센스디자인\이센스디자인\솔루션\쇼핑몰솔루션\샵최종수정20080523\Esens_shop\admin\img\help\WS_FTP.LOG --> test.hanmedimall.co.kr /home/han_ftp/admin/img/help WS_FTP.LOG
2009.05.27 16:53 B F:\이센스디자인\이센스디자인\솔루션\쇼핑몰솔루션\샵최종수정20080523\Esens_shop\admin\img\help\1.gif --> q03.asadal.net /admin/img/help 1.gif
2009.05.27 16:53 B F:\이센스디자인\이센스디자인\솔루션\쇼핑몰솔루션\샵최종수정20080523\Esens_shop\admin\img\help\2.gif --> q03.asadal.net /admin/img/help 2.gif
2009.05.27 16:53 B F:\이센스디자인\이센스디자인\솔루션\쇼핑몰솔루션\샵최종수정20080523\Esens_shop\admin\img\help\3.gif --> q03.asadal.net /admin/img/help 3.gif
2009.05.27 16:53 B F:\이센스디자인\이센스디자인\솔루션\쇼핑몰솔루션\샵최종수정20080523\Esens_shop\admin\img\help\4.gif --> q03.asadal.net /admin/img/help 4.gif
2009.05.27 16:53 B F:\이센스디자인\이센스디자인\솔루션\쇼핑몰솔루션\샵최종수정20080523\Esens_shop\admin\img\help\5.gif --> q03.asadal.net /admin/img/help 5.gif
2009.05.27 16:53 B F:\이센스디자인\이센스디자인\솔루션\쇼핑몰솔루션\샵최종수정20080523\Esens_shop\admin\img\help\6.gif --> q03.asadal.net /admin/img/help 6.gif
2009.05.27 16:53 B F:\이센스디자인\이센스디자인\솔루션\쇼핑몰솔루션\샵최종수정20080523\Esens_shop\admin\img\help\7.gif --> q03.asadal.net /admin/img/help 7.gif
2009.05.27 16:53 B F:\이센스디자인\이센스디자인\솔루션\쇼핑몰솔루션\샵최종수정20080523\Esens_shop\admin\img\help\8.gif --> q03.asadal.net /admin/img/help 8.gif
2009.05.27 16:53 B F:\이센스디자인\이센스디자인\솔루션\쇼핑몰솔루션\샵최종수정20080523\Esens_shop\admin\img\help\helpdesk.gif --> q03.asadal.net /admin/img/help helpdesk.gif
2009.05.27 16:53 B F:\이센스디자인\이센스디자인\솔루션\쇼핑몰솔루션\샵최종수정20080523\Esens_shop\admin\img\help\main_help1.gif --> q03.asadal.net /admin/img/help main_help1.gif
2009.05.27 16:53 B F:\이센스디자인\이센스디자인\솔루션\쇼핑몰솔루션\샵최종수정20080523\Esens_shop\admin\img\help\main_help2.gif --> q03.asadal.net /admin/img/help main_help2.gif
2009.05.27 16:53 B F:\이센스디자인\이센스디자인\솔루션\쇼핑몰솔루션\샵최종수정20080523\Esens_shop\admin\img\help\Thumbs.db --> q03.asadal.net /admin/img/help Thumbs.db
2009.05.27 16:53 B F:\이센스디자인\이센스디자인\솔루션\쇼핑몰솔루션\샵최종수정20080523\Esens_shop\admin\img\help\WS_FTP.LOG --> q03.asadal.net /admin/img/help WS_FTP.LOG
2009.05.27 17:00 B F:\이센스디자인\이센스디자인\솔루션\쇼핑몰솔루션\샵최종수정20080523\Esens_shop\admin\img\help\1.gif --> q03.asadal.net /admin/img/help 1.gif
2009.05.27 17:00 B F:\이센스디자인\이센스디자인\솔루션\쇼핑몰솔루션\샵최종수정20080523\Esens_shop\admin\img\help\2.gif --> q03.asadal.net /admin/img/help 2.gif
2009.05.27 17:00 B F:\이센스디자인\이센스디자인\솔루션\쇼핑몰솔루션\샵최종수정20080523\Esens_shop\admin\img\help\3.gif --> q03.asadal.net /admin/img/help 3.gif
2009.05.27 17:00 B F:\이센스디자인\이센스디자인\솔루션\쇼핑몰솔루션\샵최종수정20080523\Esens_shop\admin\img\help\4.gif --> q03.asadal.net /admin/img/help 4.gif
2009.05.27 17:00 B F:\이센스디자인\이센스디자인\솔루션\쇼핑몰솔루션\샵최종수정20080523\Esens_shop\admin\img\help\5.gif --> q03.asadal.net /admin/img/help 5.gif
2009.05.27 17:00 B F:\이센스디자인\이센스디자인\솔루션\쇼핑몰솔루션\샵최종수정20080523\Esens_shop\admin\img\help\6.gif --> q03.asadal.net /admin/img/help 6.gif
2009.05.27 17:00 B F:\이센스디자인\이센스디자인\솔루션\쇼핑몰솔루션\샵최종수정20080523\Esens_shop\admin\img\help\7.gif --> q03.asadal.net /admin/img/help 7.gif
2009.05.27 17:00 B F:\이센스디자인\이센스디자인\솔루션\쇼핑몰솔루션\샵최종수정20080523\Esens_shop\admin\img\help\8.gif --> q03.asadal.net /admin/img/help 8.gif
2009.05.27 17:00 B F:\이센스디자인\이센스디자인\솔루션\쇼핑몰솔루션\샵최종수정20080523\Esens_shop\admin\img\help\helpdesk.gif --> q03.asadal.net /admin/img/help helpdesk.gif
2009.05.27 17:00 B F:\이센스디자인\이센스디자인\솔루션\쇼핑몰솔루션\샵최종수정20080523\Esens_shop\admin\img\help\main_help1.gif --> q03.asadal.net /admin/img/help main_help1.gif
2009.05.27 17:00 B F:\이센스디자인\이센스디자인\솔루션\쇼핑몰솔루션\샵최종수정20080523\Esens_shop\admin\img\help\main_help2.gif --> q03.asadal.net /admin/img/help main_help2.gif
2009.05.27 17:00 B F:\이센스디자인\이센스디자인\솔루션\쇼핑몰솔루션\샵최종수정20080523\Esens_shop\admin\img\help\Thumbs.db --> q03.asadal.net /admin/img/help Thumbs.db
2009.05.27 17:00 B F:\이센스디자인\이센스디자인\솔루션\쇼핑몰솔루션\샵최종수정20080523\Esens_shop\admin\img\help\WS_FTP.LOG --> q03.asadal.net /admin/img/help WS_FTP.LOG
2009.05.27 17:04 B F:\이센스디자인\이센스디자인\솔루션\쇼핑몰솔루션\샵최종수정20080523\Esens_shop\admin\img\help\1.gif --> e01.asadal.net /admin/img/help 1.gif
2009.05.27 17:04 B F:\이센스디자인\이센스디자인\솔루션\쇼핑몰솔루션\샵최종수정20080523\Esens_shop\admin\img\help\2.gif --> e01.asadal.net /admin/img/help 2.gif
2009.05.27 17:04 B F:\이센스디자인\이센스디자인\솔루션\쇼핑몰솔루션\샵최종수정20080523\Esens_shop\admin\img\help\3.gif --> e01.asadal.net /admin/img/help 3.gif
2009.05.27 17:04 B F:\이센스디자인\이센스디자인\솔루션\쇼핑몰솔루션\샵최종수정20080523\Esens_shop\admin\img\help\4.gif --> e01.asadal.net /admin/img/help 4.gif
2009.05.27 17:04 B F:\이센스디자인\이센스디자인\솔루션\쇼핑몰솔루션\샵최종수정20080523\Esens_shop\admin\img\help\5.gif --> e01.asadal.net /admin/img/help 5.gif
2009.05.27 17:04 B F:\이센스디자인\이센스디자인\솔루션\쇼핑몰솔루션\샵최종수정20080523\Esens_shop\admin\img\help\6.gif --> e01.asadal.net /admin/img/help 6.gif
2009.05.27 17:04 B F:\이센스디자인\이센스디자인\솔루션\쇼핑몰솔루션\샵최종수정20080523\Esens_shop\admin\img\help\7.gif --> e01.asadal.net /admin/img/help 7.gif
2009.05.27 17:04 B F:\이센스디자인\이센스디자인\솔루션\쇼핑몰솔루션\샵최종수정20080523\Esens_shop\admin\img\help\8.gif --> e01.asadal.net /admin/img/help 8.gif
2009.05.27 17:04 B F:\이센스디자인\이센스디자인\솔루션\쇼핑몰솔루션\샵최종수정20080523\Esens_shop\admin\img\help\helpdesk.gif --> e01.asadal.net /admin/img/help helpdesk.gif
2009.05.27 17:04 B F:\이센스디자인\이센스디자인\솔루션\쇼핑몰솔루션\샵최종수정20080523\Esens_shop\admin\img\help\main_help1.gif --> e01.asadal.net /admin/img/help main_help1.gif
2009.05.27 17:04 B F:\이센스디자인\이센스디자인\솔루션\쇼핑몰솔루션\샵최종수정20080523\Esens_shop\admin\img\help\main_help2.gif --> e01.asadal.net /admin/img/help main_help2.gif
2009.05.27 17:04 B F:\이센스디자인\이센스디자인\솔루션\쇼핑몰솔루션\샵최종수정20080523\Esens_shop\admin\img\help\Thumbs.db --> e01.asadal.net /admin/img/help Thumbs.db
2009.05.27 17:04 B F:\이센스디자인\이센스디자인\솔루션\쇼핑몰솔루션\샵최종수정20080523\Esens_shop\admin\img\help\WS_FTP.LOG --> e01.asadal.net /admin/img/help WS_FTP.LOG
